{"D:\\proyecto de grado\\gestion-asistencias\\client\\src\\store.jsx": {"path":"D:\\proyecto de grado\\gestion-asistencias\\client\\src\\store.jsx","statementMap":{"0":{"start":{"line":43,"column":16},"end":{"line":73,"column":2}},"1":{"start":{"line":75,"column":28},"end":{"line":77,"column":8}},"2":{"start":{"line":79,"column":21},"end":{"line":81,"column":1}},"3":{"start":{"line":83,"column":19},"end":{"line":83,"column":26}},"4":{"start":{"line":85,"column":14},"end":{"line":89,"column":1}}},"fnMap":{},"branchMap":{"0":{"loc":{"start":{"line":75,"column":28},"end":{"line":77,"column":8}},"type":"cond-expr","locations":[{"start":{"line":76,"column":4},"end":{"line":76,"column":48}},{"start":{"line":77,"column":4},"end":{"line":77,"column":8}}],"line":75}},"s":{"0":0,"1":0,"2":0,"3":0,"4":0},"f":{},"b":{"0":[0,0]}}
,"D:\\proyecto de grado\\gestion-asistencias\\client\\src\\actions\\assigmentActions.jsx": {"path":"D:\\proyecto de grado\\gestion-asistencias\\client\\src\\actions\\assigmentActions.jsx","statementMap":{"0":{"start":{"line":11,"column":32},"end":{"line":29,"column":1}},"1":{"start":{"line":11,"column":40},"end":{"line":29,"column":1}},"2":{"start":{"line":12,"column":2},"end":{"line":28,"column":3}},"3":{"start":{"line":13,"column":4},"end":{"line":13,"column":50}},"4":{"start":{"line":15,"column":21},"end":{"line":17,"column":5}},"5":{"start":{"line":19,"column":4},"end":{"line":22,"column":7}},"6":{"start":{"line":24,"column":4},"end":{"line":27,"column":7}}},"fnMap":{"0":{"name":"(anonymous_0)","decl":{"start":{"line":11,"column":32},"end":{"line":11,"column":33}},"loc":{"start":{"line":11,"column":40},"end":{"line":29,"column":1}},"line":11},"1":{"name":"(anonymous_1)","decl":{"start":{"line":11,"column":40},"end":{"line":11,"column":41}},"loc":{"start":{"line":11,"column":60},"end":{"line":29,"column":1}},"line":11}},"branchMap":{},"s":{"0":0,"1":0,"2":0,"3":0,"4":0,"5":0,"6":0},"f":{"0":0,"1":0},"b":{}}
,"D:\\proyecto de grado\\gestion-asistencias\\client\\src\\actions\\attendanceActions.jsx": {"path":"D:\\proyecto de grado\\gestion-asistencias\\client\\src\\actions\\attendanceActions.jsx","statementMap":{"0":{"start":{"line":13,"column":2},"end":{"line":44,"column":3}},"1":{"start":{"line":13,"column":32},"end":{"line":44,"column":3}},"2":{"start":{"line":14,"column":4},"end":{"line":43,"column":5}},"3":{"start":{"line":15,"column":6},"end":{"line":17,"column":9}},"4":{"start":{"line":19,"column":21},"end":{"line":23,"column":7}},"5":{"start":{"line":25,"column":23},"end":{"line":33,"column":7}},"6":{"start":{"line":34,"column":6},"end":{"line":37,"column":9}},"7":{"start":{"line":39,"column":6},"end":{"line":42,"column":9}}},"fnMap":{"0":{"name":"(anonymous_0)","decl":{"start":{"line":13,"column":2},"end":{"line":13,"column":3}},"loc":{"start":{"line":13,"column":32},"end":{"line":44,"column":3}},"line":13},"1":{"name":"(anonymous_1)","decl":{"start":{"line":13,"column":32},"end":{"line":13,"column":33}},"loc":{"start":{"line":13,"column":52},"end":{"line":44,"column":3}},"line":13}},"branchMap":{},"s":{"0":0,"1":0,"2":0,"3":0,"4":0,"5":0,"6":0,"7":0},"f":{"0":0,"1":0},"b":{}}
,"D:\\proyecto de grado\\gestion-asistencias\\client\\src\\actions\\classActions.jsx": {"path":"D:\\proyecto de grado\\gestion-asistencias\\client\\src\\actions\\classActions.jsx","statementMap":{"0":{"start":{"line":32,"column":28},"end":{"line":50,"column":1}},"1":{"start":{"line":32,"column":36},"end":{"line":50,"column":1}},"2":{"start":{"line":33,"column":2},"end":{"line":49,"column":3}},"3":{"start":{"line":34,"column":4},"end":{"line":34,"column":46}},"4":{"start":{"line":36,"column":21},"end":{"line":38,"column":5}},"5":{"start":{"line":40,"column":4},"end":{"line":43,"column":7}},"6":{"start":{"line":45,"column":4},"end":{"line":48,"column":7}},"7":{"start":{"line":54,"column":2},"end":{"line":87,"column":3}},"8":{"start":{"line":55,"column":2},"end":{"line":87,"column":3}},"9":{"start":{"line":56,"column":4},"end":{"line":86,"column":5}},"10":{"start":{"line":57,"column":6},"end":{"line":59,"column":9}},"11":{"start":{"line":61,"column":21},"end":{"line":65,"column":7}},"12":{"start":{"line":67,"column":23},"end":{"line":76,"column":7}},"13":{"start":{"line":77,"column":6},"end":{"line":80,"column":9}},"14":{"start":{"line":82,"column":6},"end":{"line":85,"column":9}},"15":{"start":{"line":90,"column":25},"end":{"line":108,"column":1}},"16":{"start":{"line":90,"column":39},"end":{"line":108,"column":1}},"17":{"start":{"line":91,"column":2},"end":{"line":107,"column":3}},"18":{"start":{"line":92,"column":4},"end":{"line":92,"column":43}},"19":{"start":{"line":94,"column":21},"end":{"line":96,"column":5}},"20":{"start":{"line":98,"column":4},"end":{"line":101,"column":7}},"21":{"start":{"line":103,"column":4},"end":{"line":106,"column":7}},"22":{"start":{"line":111,"column":34},"end":{"line":129,"column":1}},"23":{"start":{"line":111,"column":48},"end":{"line":129,"column":1}},"24":{"start":{"line":112,"column":2},"end":{"line":128,"column":3}},"25":{"start":{"line":113,"column":4},"end":{"line":113,"column":48}},"26":{"start":{"line":115,"column":21},"end":{"line":117,"column":5}},"27":{"start":{"line":119,"column":4},"end":{"line":122,"column":7}},"28":{"start":{"line":124,"column":4},"end":{"line":127,"column":7}},"29":{"start":{"line":132,"column":27},"end":{"line":150,"column":1}},"30":{"start":{"line":132,"column":35},"end":{"line":150,"column":1}},"31":{"start":{"line":133,"column":2},"end":{"line":149,"column":3}},"32":{"start":{"line":134,"column":4},"end":{"line":134,"column":41}},"33":{"start":{"line":136,"column":21},"end":{"line":138,"column":5}},"34":{"start":{"line":140,"column":4},"end":{"line":143,"column":7}},"35":{"start":{"line":145,"column":4},"end":{"line":148,"column":7}},"36":{"start":{"line":153,"column":33},"end":{"line":183,"column":1}},"37":{"start":{"line":153,"column":41},"end":{"line":183,"column":1}},"38":{"start":{"line":154,"column":2},"end":{"line":182,"column":3}},"39":{"start":{"line":155,"column":4},"end":{"line":157,"column":7}},"40":{"start":{"line":159,"column":19},"end":{"line":163,"column":5}},"41":{"start":{"line":165,"column":21},"end":{"line":171,"column":5}},"42":{"start":{"line":173,"column":4},"end":{"line":176,"column":7}},"43":{"start":{"line":178,"column":4},"end":{"line":181,"column":7}},"44":{"start":{"line":186,"column":28},"end":{"line":204,"column":1}},"45":{"start":{"line":186,"column":49},"end":{"line":204,"column":1}},"46":{"start":{"line":187,"column":2},"end":{"line":203,"column":3}},"47":{"start":{"line":188,"column":4},"end":{"line":188,"column":42}},"48":{"start":{"line":190,"column":21},"end":{"line":192,"column":5}},"49":{"start":{"line":194,"column":4},"end":{"line":197,"column":7}},"50":{"start":{"line":199,"column":4},"end":{"line":202,"column":7}},"51":{"start":{"line":207,"column":28},"end":{"line":225,"column":1}},"52":{"start":{"line":207,"column":42},"end":{"line":225,"column":1}},"53":{"start":{"line":208,"column":2},"end":{"line":224,"column":3}},"54":{"start":{"line":209,"column":4},"end":{"line":209,"column":42}},"55":{"start":{"line":211,"column":21},"end":{"line":213,"column":5}},"56":{"start":{"line":215,"column":4},"end":{"line":218,"column":7}},"57":{"start":{"line":220,"column":4},"end":{"line":223,"column":7}}},"fnMap":{"0":{"name":"(anonymous_0)","decl":{"start":{"line":32,"column":28},"end":{"line":32,"column":29}},"loc":{"start":{"line":32,"column":36},"end":{"line":50,"column":1}},"line":32},"1":{"name":"(anonymous_1)","decl":{"start":{"line":32,"column":36},"end":{"line":32,"column":37}},"loc":{"start":{"line":32,"column":56},"end":{"line":50,"column":1}},"line":32},"2":{"name":"(anonymous_2)","decl":{"start":{"line":54,"column":2},"end":{"line":54,"column":3}},"loc":{"start":{"line":55,"column":2},"end":{"line":87,"column":3}},"line":55},"3":{"name":"(anonymous_3)","decl":{"start":{"line":55,"column":2},"end":{"line":55,"column":3}},"loc":{"start":{"line":55,"column":22},"end":{"line":87,"column":3}},"line":55},"4":{"name":"(anonymous_4)","decl":{"start":{"line":90,"column":25},"end":{"line":90,"column":26}},"loc":{"start":{"line":90,"column":39},"end":{"line":108,"column":1}},"line":90},"5":{"name":"(anonymous_5)","decl":{"start":{"line":90,"column":39},"end":{"line":90,"column":40}},"loc":{"start":{"line":90,"column":59},"end":{"line":108,"column":1}},"line":90},"6":{"name":"(anonymous_6)","decl":{"start":{"line":111,"column":34},"end":{"line":111,"column":35}},"loc":{"start":{"line":111,"column":48},"end":{"line":129,"column":1}},"line":111},"7":{"name":"(anonymous_7)","decl":{"start":{"line":111,"column":48},"end":{"line":111,"column":49}},"loc":{"start":{"line":111,"column":68},"end":{"line":129,"column":1}},"line":111},"8":{"name":"(anonymous_8)","decl":{"start":{"line":132,"column":27},"end":{"line":132,"column":28}},"loc":{"start":{"line":132,"column":35},"end":{"line":150,"column":1}},"line":132},"9":{"name":"(anonymous_9)","decl":{"start":{"line":132,"column":35},"end":{"line":132,"column":36}},"loc":{"start":{"line":132,"column":55},"end":{"line":150,"column":1}},"line":132},"10":{"name":"(anonymous_10)","decl":{"start":{"line":153,"column":33},"end":{"line":153,"column":34}},"loc":{"start":{"line":153,"column":41},"end":{"line":183,"column":1}},"line":153},"11":{"name":"(anonymous_11)","decl":{"start":{"line":153,"column":41},"end":{"line":153,"column":42}},"loc":{"start":{"line":153,"column":61},"end":{"line":183,"column":1}},"line":153},"12":{"name":"(anonymous_12)","decl":{"start":{"line":186,"column":28},"end":{"line":186,"column":29}},"loc":{"start":{"line":186,"column":49},"end":{"line":204,"column":1}},"line":186},"13":{"name":"(anonymous_13)","decl":{"start":{"line":186,"column":49},"end":{"line":186,"column":50}},"loc":{"start":{"line":186,"column":69},"end":{"line":204,"column":1}},"line":186},"14":{"name":"(anonymous_14)","decl":{"start":{"line":207,"column":28},"end":{"line":207,"column":29}},"loc":{"start":{"line":207,"column":42},"end":{"line":225,"column":1}},"line":207},"15":{"name":"(anonymous_15)","decl":{"start":{"line":207,"column":42},"end":{"line":207,"column":43}},"loc":{"start":{"line":207,"column":62},"end":{"line":225,"column":1}},"line":207}},"branchMap":{},"s":{"0":0,"1":0,"2":0,"3":0,"4":0,"5":0,"6":0,"7":0,"8":0,"9":0,"10":0,"11":0,"12":0,"13":0,"14":0,"15":0,"16":0,"17":0,"18":0,"19":0,"20":0,"21":0,"22":0,"23":0,"24":0,"25":0,"26":0,"27":0,"28":0,"29":0,"30":0,"31":0,"32":0,"33":0,"34":0,"35":0,"36":0,"37":0,"38":0,"39":0,"40":0,"41":0,"42":0,"43":0,"44":0,"45":0,"46":0,"47":0,"48":0,"49":0,"50":0,"51":0,"52":0,"53":0,"54":0,"55":0,"56":0,"57":0},"f":{"0":0,"1":0,"2":0,"3":0,"4":0,"5":0,"6":0,"7":0,"8":0,"9":0,"10":0,"11":0,"12":0,"13":0,"14":0,"15":0},"b":{}}
,"D:\\proyecto de grado\\gestion-asistencias\\client\\src\\actions\\docenteActions.jsx": {"path":"D:\\proyecto de grado\\gestion-asistencias\\client\\src\\actions\\docenteActions.jsx","statementMap":{"0":{"start":{"line":21,"column":28},"end":{"line":51,"column":1}},"1":{"start":{"line":21,"column":58},"end":{"line":51,"column":1}},"2":{"start":{"line":22,"column":2},"end":{"line":50,"column":3}},"3":{"start":{"line":23,"column":4},"end":{"line":25,"column":7}},"4":{"start":{"line":27,"column":19},"end":{"line":31,"column":5}},"5":{"start":{"line":33,"column":21},"end":{"line":37,"column":5}},"6":{"start":{"line":39,"column":4},"end":{"line":42,"column":7}},"7":{"start":{"line":44,"column":4},"end":{"line":44,"column":59}},"8":{"start":{"line":46,"column":4},"end":{"line":49,"column":7}},"9":{"start":{"line":53,"column":29},"end":{"line":58,"column":1}},"10":{"start":{"line":53,"column":35},"end":{"line":58,"column":1}},"11":{"start":{"line":54,"column":2},"end":{"line":54,"column":38}},"12":{"start":{"line":55,"column":2},"end":{"line":55,"column":37}},"13":{"start":{"line":56,"column":2},"end":{"line":56,"column":44}},"14":{"start":{"line":57,"column":2},"end":{"line":57,"column":41}},"15":{"start":{"line":61,"column":2},"end":{"line":97,"column":3}},"16":{"start":{"line":62,"column":2},"end":{"line":97,"column":3}},"17":{"start":{"line":63,"column":4},"end":{"line":96,"column":5}},"18":{"start":{"line":64,"column":6},"end":{"line":66,"column":9}},"19":{"start":{"line":68,"column":21},"end":{"line":72,"column":7}},"20":{"start":{"line":74,"column":23},"end":{"line":78,"column":7}},"21":{"start":{"line":80,"column":6},"end":{"line":83,"column":9}},"22":{"start":{"line":85,"column":6},"end":{"line":88,"column":9}},"23":{"start":{"line":90,"column":6},"end":{"line":90,"column":61}},"24":{"start":{"line":92,"column":6},"end":{"line":95,"column":9}},"25":{"start":{"line":99,"column":38},"end":{"line":132,"column":1}},"26":{"start":{"line":99,"column":54},"end":{"line":132,"column":1}},"27":{"start":{"line":100,"column":2},"end":{"line":131,"column":3}},"28":{"start":{"line":101,"column":4},"end":{"line":103,"column":7}},"29":{"start":{"line":105,"column":19},"end":{"line":109,"column":5}},"30":{"start":{"line":111,"column":21},"end":{"line":115,"column":5}},"31":{"start":{"line":117,"column":4},"end":{"line":120,"column":7}},"32":{"start":{"line":122,"column":4},"end":{"line":125,"column":7}},"33":{"start":{"line":127,"column":4},"end":{"line":130,"column":7}},"34":{"start":{"line":134,"column":33},"end":{"line":169,"column":1}},"35":{"start":{"line":134,"column":45},"end":{"line":169,"column":1}},"36":{"start":{"line":135,"column":2},"end":{"line":168,"column":3}},"37":{"start":{"line":136,"column":4},"end":{"line":138,"column":7}},"38":{"start":{"line":142,"column":8},"end":{"line":142,"column":18}},"39":{"start":{"line":144,"column":19},"end":{"line":149,"column":5}},"40":{"start":{"line":151,"column":21},"end":{"line":154,"column":5}},"41":{"start":{"line":156,"column":4},"end":{"line":159,"column":7}},"42":{"start":{"line":161,"column":4},"end":{"line":167,"column":7}}},"fnMap":{"0":{"name":"(anonymous_0)","decl":{"start":{"line":21,"column":28},"end":{"line":21,"column":29}},"loc":{"start":{"line":21,"column":58},"end":{"line":51,"column":1}},"line":21},"1":{"name":"(anonymous_1)","decl":{"start":{"line":21,"column":58},"end":{"line":21,"column":59}},"loc":{"start":{"line":21,"column":78},"end":{"line":51,"column":1}},"line":21},"2":{"name":"(anonymous_2)","decl":{"start":{"line":53,"column":29},"end":{"line":53,"column":30}},"loc":{"start":{"line":53,"column":35},"end":{"line":58,"column":1}},"line":53},"3":{"name":"(anonymous_3)","decl":{"start":{"line":53,"column":35},"end":{"line":53,"column":36}},"loc":{"start":{"line":53,"column":49},"end":{"line":58,"column":1}},"line":53},"4":{"name":"(anonymous_4)","decl":{"start":{"line":61,"column":2},"end":{"line":61,"column":3}},"loc":{"start":{"line":62,"column":2},"end":{"line":97,"column":3}},"line":62},"5":{"name":"(anonymous_5)","decl":{"start":{"line":62,"column":2},"end":{"line":62,"column":3}},"loc":{"start":{"line":62,"column":22},"end":{"line":97,"column":3}},"line":62},"6":{"name":"(anonymous_6)","decl":{"start":{"line":99,"column":38},"end":{"line":99,"column":39}},"loc":{"start":{"line":99,"column":54},"end":{"line":132,"column":1}},"line":99},"7":{"name":"(anonymous_7)","decl":{"start":{"line":99,"column":54},"end":{"line":99,"column":55}},"loc":{"start":{"line":99,"column":74},"end":{"line":132,"column":1}},"line":99},"8":{"name":"(anonymous_8)","decl":{"start":{"line":134,"column":33},"end":{"line":134,"column":34}},"loc":{"start":{"line":134,"column":45},"end":{"line":169,"column":1}},"line":134},"9":{"name":"(anonymous_9)","decl":{"start":{"line":134,"column":45},"end":{"line":134,"column":46}},"loc":{"start":{"line":134,"column":75},"end":{"line":169,"column":1}},"line":134}},"branchMap":{"0":{"loc":{"start":{"line":164,"column":8},"end":{"line":166,"column":25}},"type":"cond-expr","locations":[{"start":{"line":165,"column":12},"end":{"line":165,"column":38}},{"start":{"line":166,"column":12},"end":{"line":166,"column":25}}],"line":164},"1":{"loc":{"start":{"line":164,"column":8},"end":{"line":164,"column":52}},"type":"binary-expr","locations":[{"start":{"line":164,"column":8},"end":{"line":164,"column":22}},{"start":{"line":164,"column":26},"end":{"line":164,"column":52}}],"line":164}},"s":{"0":0,"1":0,"2":0,"3":0,"4":0,"5":0,"6":0,"7":0,"8":0,"9":0,"10":0,"11":0,"12":0,"13":0,"14":0,"15":0,"16":0,"17":0,"18":0,"19":0,"20":0,"21":0,"22":0,"23":0,"24":0,"25":0,"26":0,"27":0,"28":0,"29":0,"30":0,"31":0,"32":0,"33":0,"34":0,"35":0,"36":0,"37":0,"38":0,"39":0,"40":0,"41":0,"42":0},"f":{"0":0,"1":0,"2":0,"3":0,"4":0,"5":0,"6":0,"7":0,"8":0,"9":0},"b":{"0":[0,0],"1":[0,0]}}
,"D:\\proyecto de grado\\gestion-asistencias\\client\\src\\actions\\estudianteActions.jsx": {"path":"D:\\proyecto de grado\\gestion-asistencias\\client\\src\\actions\\estudianteActions.jsx","statementMap":{"0":{"start":{"line":22,"column":2},"end":{"line":52,"column":3}},"1":{"start":{"line":22,"column":34},"end":{"line":52,"column":3}},"2":{"start":{"line":23,"column":4},"end":{"line":51,"column":5}},"3":{"start":{"line":24,"column":6},"end":{"line":26,"column":9}},"4":{"start":{"line":28,"column":21},"end":{"line":32,"column":7}},"5":{"start":{"line":34,"column":23},"end":{"line":38,"column":7}},"6":{"start":{"line":40,"column":6},"end":{"line":43,"column":9}},"7":{"start":{"line":45,"column":6},"end":{"line":45,"column":61}},"8":{"start":{"line":47,"column":6},"end":{"line":50,"column":9}},"9":{"start":{"line":54,"column":32},"end":{"line":59,"column":1}},"10":{"start":{"line":54,"column":38},"end":{"line":59,"column":1}},"11":{"start":{"line":55,"column":2},"end":{"line":55,"column":38}},"12":{"start":{"line":56,"column":2},"end":{"line":56,"column":40}},"13":{"start":{"line":57,"column":2},"end":{"line":57,"column":47}},"14":{"start":{"line":58,"column":2},"end":{"line":58,"column":44}},"15":{"start":{"line":62,"column":2},"end":{"line":98,"column":3}},"16":{"start":{"line":63,"column":2},"end":{"line":98,"column":3}},"17":{"start":{"line":64,"column":4},"end":{"line":97,"column":5}},"18":{"start":{"line":65,"column":6},"end":{"line":67,"column":9}},"19":{"start":{"line":69,"column":21},"end":{"line":73,"column":7}},"20":{"start":{"line":75,"column":23},"end":{"line":79,"column":7}},"21":{"start":{"line":81,"column":6},"end":{"line":84,"column":9}},"22":{"start":{"line":86,"column":6},"end":{"line":89,"column":9}},"23":{"start":{"line":91,"column":6},"end":{"line":91,"column":61}},"24":{"start":{"line":93,"column":6},"end":{"line":96,"column":9}},"25":{"start":{"line":100,"column":41},"end":{"line":133,"column":1}},"26":{"start":{"line":100,"column":58},"end":{"line":133,"column":1}},"27":{"start":{"line":101,"column":2},"end":{"line":132,"column":3}},"28":{"start":{"line":102,"column":4},"end":{"line":104,"column":7}},"29":{"start":{"line":106,"column":19},"end":{"line":110,"column":5}},"30":{"start":{"line":112,"column":21},"end":{"line":116,"column":5}},"31":{"start":{"line":118,"column":4},"end":{"line":121,"column":7}},"32":{"start":{"line":123,"column":4},"end":{"line":126,"column":7}},"33":{"start":{"line":128,"column":4},"end":{"line":131,"column":7}},"34":{"start":{"line":135,"column":36},"end":{"line":170,"column":1}},"35":{"start":{"line":135,"column":49},"end":{"line":170,"column":1}},"36":{"start":{"line":136,"column":2},"end":{"line":169,"column":3}},"37":{"start":{"line":137,"column":4},"end":{"line":139,"column":7}},"38":{"start":{"line":143,"column":8},"end":{"line":143,"column":18}},"39":{"start":{"line":145,"column":19},"end":{"line":150,"column":5}},"40":{"start":{"line":152,"column":21},"end":{"line":155,"column":5}},"41":{"start":{"line":157,"column":4},"end":{"line":160,"column":7}},"42":{"start":{"line":162,"column":4},"end":{"line":168,"column":7}}},"fnMap":{"0":{"name":"(anonymous_0)","decl":{"start":{"line":22,"column":2},"end":{"line":22,"column":3}},"loc":{"start":{"line":22,"column":34},"end":{"line":52,"column":3}},"line":22},"1":{"name":"(anonymous_1)","decl":{"start":{"line":22,"column":34},"end":{"line":22,"column":35}},"loc":{"start":{"line":22,"column":54},"end":{"line":52,"column":3}},"line":22},"2":{"name":"(anonymous_2)","decl":{"start":{"line":54,"column":32},"end":{"line":54,"column":33}},"loc":{"start":{"line":54,"column":38},"end":{"line":59,"column":1}},"line":54},"3":{"name":"(anonymous_3)","decl":{"start":{"line":54,"column":38},"end":{"line":54,"column":39}},"loc":{"start":{"line":54,"column":52},"end":{"line":59,"column":1}},"line":54},"4":{"name":"(anonymous_4)","decl":{"start":{"line":62,"column":2},"end":{"line":62,"column":3}},"loc":{"start":{"line":63,"column":2},"end":{"line":98,"column":3}},"line":63},"5":{"name":"(anonymous_5)","decl":{"start":{"line":63,"column":2},"end":{"line":63,"column":3}},"loc":{"start":{"line":63,"column":22},"end":{"line":98,"column":3}},"line":63},"6":{"name":"(anonymous_6)","decl":{"start":{"line":100,"column":41},"end":{"line":100,"column":42}},"loc":{"start":{"line":100,"column":58},"end":{"line":133,"column":1}},"line":100},"7":{"name":"(anonymous_7)","decl":{"start":{"line":100,"column":58},"end":{"line":100,"column":59}},"loc":{"start":{"line":100,"column":78},"end":{"line":133,"column":1}},"line":100},"8":{"name":"(anonymous_8)","decl":{"start":{"line":135,"column":36},"end":{"line":135,"column":37}},"loc":{"start":{"line":135,"column":49},"end":{"line":170,"column":1}},"line":135},"9":{"name":"(anonymous_9)","decl":{"start":{"line":135,"column":49},"end":{"line":135,"column":50}},"loc":{"start":{"line":135,"column":79},"end":{"line":170,"column":1}},"line":135}},"branchMap":{"0":{"loc":{"start":{"line":165,"column":8},"end":{"line":167,"column":25}},"type":"cond-expr","locations":[{"start":{"line":166,"column":12},"end":{"line":166,"column":38}},{"start":{"line":167,"column":12},"end":{"line":167,"column":25}}],"line":165},"1":{"loc":{"start":{"line":165,"column":8},"end":{"line":165,"column":52}},"type":"binary-expr","locations":[{"start":{"line":165,"column":8},"end":{"line":165,"column":22}},{"start":{"line":165,"column":26},"end":{"line":165,"column":52}}],"line":165}},"s":{"0":0,"1":0,"2":0,"3":0,"4":0,"5":0,"6":0,"7":0,"8":0,"9":0,"10":0,"11":0,"12":0,"13":0,"14":0,"15":0,"16":0,"17":0,"18":0,"19":0,"20":0,"21":0,"22":0,"23":0,"24":0,"25":0,"26":0,"27":0,"28":0,"29":0,"30":0,"31":0,"32":0,"33":0,"34":0,"35":0,"36":0,"37":0,"38":0,"39":0,"40":0,"41":0,"42":0},"f":{"0":0,"1":0,"2":0,"3":0,"4":0,"5":0,"6":0,"7":0,"8":0,"9":0},"b":{"0":[0,0],"1":[0,0]}}
,"D:\\proyecto de grado\\gestion-asistencias\\client\\src\\actions\\qrActions.jsx": {"path":"D:\\proyecto de grado\\gestion-asistencias\\client\\src\\actions\\qrActions.jsx","statementMap":{"0":{"start":{"line":12,"column":24},"end":{"line":42,"column":1}},"1":{"start":{"line":12,"column":54},"end":{"line":42,"column":1}},"2":{"start":{"line":13,"column":2},"end":{"line":41,"column":3}},"3":{"start":{"line":14,"column":4},"end":{"line":16,"column":7}},"4":{"start":{"line":18,"column":19},"end":{"line":22,"column":5}},"5":{"start":{"line":24,"column":21},"end":{"line":31,"column":5}},"6":{"start":{"line":32,"column":4},"end":{"line":35,"column":7}},"7":{"start":{"line":37,"column":4},"end":{"line":40,"column":7}}},"fnMap":{"0":{"name":"(anonymous_0)","decl":{"start":{"line":12,"column":24},"end":{"line":12,"column":25}},"loc":{"start":{"line":12,"column":54},"end":{"line":42,"column":1}},"line":12},"1":{"name":"(anonymous_1)","decl":{"start":{"line":12,"column":54},"end":{"line":12,"column":55}},"loc":{"start":{"line":12,"column":74},"end":{"line":42,"column":1}},"line":12}},"branchMap":{},"s":{"0":0,"1":0,"2":0,"3":0,"4":0,"5":0,"6":0,"7":0},"f":{"0":0,"1":0},"b":{}}
,"D:\\proyecto de grado\\gestion-asistencias\\client\\src\\actions\\reportActions.jsx": {"path":"D:\\proyecto de grado\\gestion-asistencias\\client\\src\\actions\\reportActions.jsx","statementMap":{"0":{"start":{"line":13,"column":2},"end":{"line":45,"column":3}},"1":{"start":{"line":13,"column":35},"end":{"line":45,"column":3}},"2":{"start":{"line":14,"column":4},"end":{"line":44,"column":5}},"3":{"start":{"line":15,"column":6},"end":{"line":17,"column":9}},"4":{"start":{"line":19,"column":21},"end":{"line":23,"column":7}},"5":{"start":{"line":25,"column":23},"end":{"line":34,"column":7}},"6":{"start":{"line":35,"column":6},"end":{"line":38,"column":9}},"7":{"start":{"line":40,"column":6},"end":{"line":43,"column":9}}},"fnMap":{"0":{"name":"(anonymous_0)","decl":{"start":{"line":13,"column":2},"end":{"line":13,"column":3}},"loc":{"start":{"line":13,"column":35},"end":{"line":45,"column":3}},"line":13},"1":{"name":"(anonymous_1)","decl":{"start":{"line":13,"column":35},"end":{"line":13,"column":36}},"loc":{"start":{"line":13,"column":55},"end":{"line":45,"column":3}},"line":13}},"branchMap":{},"s":{"0":0,"1":0,"2":0,"3":0,"4":0,"5":0,"6":0,"7":0},"f":{"0":0,"1":0},"b":{}}
,"D:\\proyecto de grado\\gestion-asistencias\\client\\src\\actions\\userActions.jsx": {"path":"D:\\proyecto de grado\\gestion-asistencias\\client\\src\\actions\\userActions.jsx","statementMap":{"0":{"start":{"line":38,"column":25},"end":{"line":68,"column":1}},"1":{"start":{"line":38,"column":57},"end":{"line":68,"column":1}},"2":{"start":{"line":39,"column":2},"end":{"line":67,"column":3}},"3":{"start":{"line":40,"column":4},"end":{"line":42,"column":7}},"4":{"start":{"line":44,"column":19},"end":{"line":48,"column":5}},"5":{"start":{"line":50,"column":21},"end":{"line":54,"column":5}},"6":{"start":{"line":56,"column":4},"end":{"line":59,"column":7}},"7":{"start":{"line":61,"column":4},"end":{"line":61,"column":59}},"8":{"start":{"line":63,"column":4},"end":{"line":66,"column":7}},"9":{"start":{"line":70,"column":26},"end":{"line":75,"column":1}},"10":{"start":{"line":70,"column":32},"end":{"line":75,"column":1}},"11":{"start":{"line":71,"column":2},"end":{"line":71,"column":38}},"12":{"start":{"line":72,"column":2},"end":{"line":72,"column":34}},"13":{"start":{"line":73,"column":2},"end":{"line":73,"column":41}},"14":{"start":{"line":74,"column":2},"end":{"line":74,"column":38}},"15":{"start":{"line":78,"column":2},"end":{"line":114,"column":3}},"16":{"start":{"line":79,"column":2},"end":{"line":114,"column":3}},"17":{"start":{"line":80,"column":4},"end":{"line":113,"column":5}},"18":{"start":{"line":81,"column":6},"end":{"line":83,"column":9}},"19":{"start":{"line":85,"column":21},"end":{"line":89,"column":7}},"20":{"start":{"line":91,"column":23},"end":{"line":95,"column":7}},"21":{"start":{"line":97,"column":6},"end":{"line":100,"column":9}},"22":{"start":{"line":102,"column":6},"end":{"line":105,"column":9}},"23":{"start":{"line":107,"column":6},"end":{"line":107,"column":61}},"24":{"start":{"line":109,"column":6},"end":{"line":112,"column":9}},"25":{"start":{"line":116,"column":35},"end":{"line":149,"column":1}},"26":{"start":{"line":116,"column":52},"end":{"line":149,"column":1}},"27":{"start":{"line":117,"column":2},"end":{"line":148,"column":3}},"28":{"start":{"line":118,"column":4},"end":{"line":120,"column":7}},"29":{"start":{"line":122,"column":19},"end":{"line":126,"column":5}},"30":{"start":{"line":128,"column":21},"end":{"line":132,"column":5}},"31":{"start":{"line":134,"column":4},"end":{"line":137,"column":7}},"32":{"start":{"line":139,"column":4},"end":{"line":142,"column":7}},"33":{"start":{"line":144,"column":4},"end":{"line":147,"column":7}},"34":{"start":{"line":151,"column":30},"end":{"line":186,"column":1}},"35":{"start":{"line":151,"column":43},"end":{"line":186,"column":1}},"36":{"start":{"line":152,"column":2},"end":{"line":185,"column":3}},"37":{"start":{"line":153,"column":4},"end":{"line":155,"column":7}},"38":{"start":{"line":159,"column":8},"end":{"line":159,"column":18}},"39":{"start":{"line":161,"column":19},"end":{"line":166,"column":5}},"40":{"start":{"line":168,"column":21},"end":{"line":171,"column":5}},"41":{"start":{"line":173,"column":4},"end":{"line":176,"column":7}},"42":{"start":{"line":178,"column":4},"end":{"line":184,"column":7}}},"fnMap":{"0":{"name":"(anonymous_0)","decl":{"start":{"line":38,"column":25},"end":{"line":38,"column":26}},"loc":{"start":{"line":38,"column":57},"end":{"line":68,"column":1}},"line":38},"1":{"name":"(anonymous_1)","decl":{"start":{"line":38,"column":57},"end":{"line":38,"column":58}},"loc":{"start":{"line":38,"column":77},"end":{"line":68,"column":1}},"line":38},"2":{"name":"(anonymous_2)","decl":{"start":{"line":70,"column":26},"end":{"line":70,"column":27}},"loc":{"start":{"line":70,"column":32},"end":{"line":75,"column":1}},"line":70},"3":{"name":"(anonymous_3)","decl":{"start":{"line":70,"column":32},"end":{"line":70,"column":33}},"loc":{"start":{"line":70,"column":46},"end":{"line":75,"column":1}},"line":70},"4":{"name":"(anonymous_4)","decl":{"start":{"line":78,"column":2},"end":{"line":78,"column":3}},"loc":{"start":{"line":79,"column":2},"end":{"line":114,"column":3}},"line":79},"5":{"name":"(anonymous_5)","decl":{"start":{"line":79,"column":2},"end":{"line":79,"column":3}},"loc":{"start":{"line":79,"column":22},"end":{"line":114,"column":3}},"line":79},"6":{"name":"(anonymous_6)","decl":{"start":{"line":116,"column":35},"end":{"line":116,"column":36}},"loc":{"start":{"line":116,"column":52},"end":{"line":149,"column":1}},"line":116},"7":{"name":"(anonymous_7)","decl":{"start":{"line":116,"column":52},"end":{"line":116,"column":53}},"loc":{"start":{"line":116,"column":72},"end":{"line":149,"column":1}},"line":116},"8":{"name":"(anonymous_8)","decl":{"start":{"line":151,"column":30},"end":{"line":151,"column":31}},"loc":{"start":{"line":151,"column":43},"end":{"line":186,"column":1}},"line":151},"9":{"name":"(anonymous_9)","decl":{"start":{"line":151,"column":43},"end":{"line":151,"column":44}},"loc":{"start":{"line":151,"column":73},"end":{"line":186,"column":1}},"line":151}},"branchMap":{"0":{"loc":{"start":{"line":181,"column":8},"end":{"line":183,"column":25}},"type":"cond-expr","locations":[{"start":{"line":182,"column":12},"end":{"line":182,"column":38}},{"start":{"line":183,"column":12},"end":{"line":183,"column":25}}],"line":181},"1":{"loc":{"start":{"line":181,"column":8},"end":{"line":181,"column":52}},"type":"binary-expr","locations":[{"start":{"line":181,"column":8},"end":{"line":181,"column":22}},{"start":{"line":181,"column":26},"end":{"line":181,"column":52}}],"line":181}},"s":{"0":0,"1":0,"2":0,"3":0,"4":0,"5":0,"6":0,"7":0,"8":0,"9":0,"10":0,"11":0,"12":0,"13":0,"14":0,"15":0,"16":0,"17":0,"18":0,"19":0,"20":0,"21":0,"22":0,"23":0,"24":0,"25":0,"26":0,"27":0,"28":0,"29":0,"30":0,"31":0,"32":0,"33":0,"34":0,"35":0,"36":0,"37":0,"38":0,"39":0,"40":0,"41":0,"42":0},"f":{"0":0,"1":0,"2":0,"3":0,"4":0,"5":0,"6":0,"7":0,"8":0,"9":0},"b":{"0":[0,0],"1":[0,0]}}
,"D:\\proyecto de grado\\gestion-asistencias\\client\\src\\constants\\assigmentConstants.jsx": {"path":"D:\\proyecto de grado\\gestion-asistencias\\client\\src\\constants\\assigmentConstants.jsx","statementMap":{"0":{"start":{"line":1,"column":41},"end":{"line":1,"column":68}},"1":{"start":{"line":2,"column":41},"end":{"line":2,"column":68}},"2":{"start":{"line":3,"column":38},"end":{"line":3,"column":62}}},"fnMap":{},"branchMap":{},"s":{"0":0,"1":0,"2":0},"f":{},"b":{}}
,"D:\\proyecto de grado\\gestion-asistencias\\client\\src\\constants\\attendanceConstants.jsx": {"path":"D:\\proyecto de grado\\gestion-asistencias\\client\\src\\constants\\attendanceConstants.jsx","statementMap":{"0":{"start":{"line":1,"column":41},"end":{"line":1,"column":68}},"1":{"start":{"line":2,"column":41},"end":{"line":2,"column":68}},"2":{"start":{"line":3,"column":38},"end":{"line":3,"column":62}},"3":{"start":{"line":4,"column":39},"end":{"line":4,"column":64}}},"fnMap":{},"branchMap":{},"s":{"0":0,"1":0,"2":0,"3":0},"f":{},"b":{}}
,"D:\\proyecto de grado\\gestion-asistencias\\client\\src\\constants\\classConstants.jsx": {"path":"D:\\proyecto de grado\\gestion-asistencias\\client\\src\\constants\\classConstants.jsx","statementMap":{"0":{"start":{"line":1,"column":34},"end":{"line":1,"column":54}},"1":{"start":{"line":2,"column":34},"end":{"line":2,"column":54}},"2":{"start":{"line":3,"column":31},"end":{"line":3,"column":48}},"3":{"start":{"line":5,"column":37},"end":{"line":5,"column":60}},"4":{"start":{"line":6,"column":37},"end":{"line":6,"column":60}},"5":{"start":{"line":7,"column":34},"end":{"line":7,"column":54}},"6":{"start":{"line":9,"column":36},"end":{"line":9,"column":58}},"7":{"start":{"line":10,"column":36},"end":{"line":10,"column":58}},"8":{"start":{"line":11,"column":33},"end":{"line":11,"column":52}},"9":{"start":{"line":12,"column":34},"end":{"line":12,"column":54}},"10":{"start":{"line":14,"column":34},"end":{"line":14,"column":54}},"11":{"start":{"line":15,"column":34},"end":{"line":15,"column":54}},"12":{"start":{"line":16,"column":31},"end":{"line":16,"column":48}},"13":{"start":{"line":18,"column":39},"end":{"line":18,"column":64}},"14":{"start":{"line":19,"column":39},"end":{"line":19,"column":64}},"15":{"start":{"line":20,"column":36},"end":{"line":20,"column":58}},"16":{"start":{"line":22,"column":32},"end":{"line":22,"column":50}},"17":{"start":{"line":23,"column":32},"end":{"line":23,"column":50}},"18":{"start":{"line":24,"column":29},"end":{"line":24,"column":44}},"19":{"start":{"line":26,"column":36},"end":{"line":26,"column":58}},"20":{"start":{"line":27,"column":36},"end":{"line":27,"column":58}},"21":{"start":{"line":28,"column":33},"end":{"line":28,"column":52}},"22":{"start":{"line":29,"column":34},"end":{"line":29,"column":54}},"23":{"start":{"line":31,"column":33},"end":{"line":31,"column":52}},"24":{"start":{"line":32,"column":33},"end":{"line":32,"column":52}},"25":{"start":{"line":33,"column":30},"end":{"line":33,"column":46}},"26":{"start":{"line":35,"column":33},"end":{"line":35,"column":52}},"27":{"start":{"line":36,"column":33},"end":{"line":36,"column":52}},"28":{"start":{"line":37,"column":30},"end":{"line":37,"column":46}}},"fnMap":{},"branchMap":{},"s":{"0":0,"1":0,"2":0,"3":0,"4":0,"5":0,"6":0,"7":0,"8":0,"9":0,"10":0,"11":0,"12":0,"13":0,"14":0,"15":0,"16":0,"17":0,"18":0,"19":0,"20":0,"21":0,"22":0,"23":0,"24":0,"25":0,"26":0,"27":0,"28":0},"f":{},"b":{}}
,"D:\\proyecto de grado\\gestion-asistencias\\client\\src\\constants\\docenteConstants.jsx": {"path":"D:\\proyecto de grado\\gestion-asistencias\\client\\src\\constants\\docenteConstants.jsx","statementMap":{"0":{"start":{"line":1,"column":37},"end":{"line":1,"column":60}},"1":{"start":{"line":2,"column":37},"end":{"line":2,"column":60}},"2":{"start":{"line":3,"column":34},"end":{"line":3,"column":54}},"3":{"start":{"line":5,"column":30},"end":{"line":5,"column":46}},"4":{"start":{"line":7,"column":40},"end":{"line":7,"column":66}},"5":{"start":{"line":8,"column":40},"end":{"line":8,"column":66}},"6":{"start":{"line":9,"column":37},"end":{"line":9,"column":60}},"7":{"start":{"line":11,"column":39},"end":{"line":11,"column":64}},"8":{"start":{"line":12,"column":39},"end":{"line":12,"column":64}},"9":{"start":{"line":13,"column":36},"end":{"line":13,"column":58}},"10":{"start":{"line":14,"column":37},"end":{"line":14,"column":60}},"11":{"start":{"line":16,"column":46},"end":{"line":16,"column":78}},"12":{"start":{"line":17,"column":46},"end":{"line":17,"column":78}},"13":{"start":{"line":18,"column":43},"end":{"line":18,"column":72}},"14":{"start":{"line":19,"column":44},"end":{"line":19,"column":74}},"15":{"start":{"line":21,"column":36},"end":{"line":21,"column":58}},"16":{"start":{"line":22,"column":36},"end":{"line":22,"column":58}},"17":{"start":{"line":23,"column":33},"end":{"line":23,"column":52}},"18":{"start":{"line":24,"column":34},"end":{"line":24,"column":54}},"19":{"start":{"line":26,"column":38},"end":{"line":26,"column":62}},"20":{"start":{"line":27,"column":38},"end":{"line":27,"column":62}},"21":{"start":{"line":28,"column":35},"end":{"line":28,"column":56}},"22":{"start":{"line":30,"column":38},"end":{"line":30,"column":62}},"23":{"start":{"line":31,"column":38},"end":{"line":31,"column":62}},"24":{"start":{"line":32,"column":35},"end":{"line":32,"column":56}},"25":{"start":{"line":33,"column":36},"end":{"line":33,"column":58}},"26":{"start":{"line":35,"column":39},"end":{"line":35,"column":64}},"27":{"start":{"line":36,"column":39},"end":{"line":36,"column":64}},"28":{"start":{"line":37,"column":36},"end":{"line":37,"column":58}}},"fnMap":{},"branchMap":{},"s":{"0":0,"1":0,"2":0,"3":0,"4":0,"5":0,"6":0,"7":0,"8":0,"9":0,"10":0,"11":0,"12":0,"13":0,"14":0,"15":0,"16":0,"17":0,"18":0,"19":0,"20":0,"21":0,"22":0,"23":0,"24":0,"25":0,"26":0,"27":0,"28":0},"f":{},"b":{}}
,"D:\\proyecto de grado\\gestion-asistencias\\client\\src\\constants\\estudianteConstants.jsx": {"path":"D:\\proyecto de grado\\gestion-asistencias\\client\\src\\constants\\estudianteConstants.jsx","statementMap":{"0":{"start":{"line":1,"column":40},"end":{"line":1,"column":66}},"1":{"start":{"line":2,"column":40},"end":{"line":2,"column":66}},"2":{"start":{"line":3,"column":37},"end":{"line":3,"column":60}},"3":{"start":{"line":5,"column":33},"end":{"line":5,"column":52}},"4":{"start":{"line":7,"column":43},"end":{"line":7,"column":72}},"5":{"start":{"line":8,"column":43},"end":{"line":8,"column":72}},"6":{"start":{"line":9,"column":40},"end":{"line":9,"column":66}},"7":{"start":{"line":11,"column":42},"end":{"line":11,"column":70}},"8":{"start":{"line":12,"column":42},"end":{"line":12,"column":70}},"9":{"start":{"line":13,"column":39},"end":{"line":13,"column":64}},"10":{"start":{"line":14,"column":40},"end":{"line":14,"column":66}},"11":{"start":{"line":17,"column":2},"end":{"line":17,"column":37}},"12":{"start":{"line":19,"column":2},"end":{"line":19,"column":37}},"13":{"start":{"line":20,"column":46},"end":{"line":20,"column":78}},"14":{"start":{"line":22,"column":2},"end":{"line":22,"column":35}},"15":{"start":{"line":24,"column":39},"end":{"line":24,"column":64}},"16":{"start":{"line":25,"column":39},"end":{"line":25,"column":64}},"17":{"start":{"line":26,"column":36},"end":{"line":26,"column":58}},"18":{"start":{"line":27,"column":37},"end":{"line":27,"column":60}},"19":{"start":{"line":29,"column":41},"end":{"line":29,"column":68}},"20":{"start":{"line":30,"column":41},"end":{"line":30,"column":68}},"21":{"start":{"line":31,"column":38},"end":{"line":31,"column":62}},"22":{"start":{"line":33,"column":41},"end":{"line":33,"column":68}},"23":{"start":{"line":34,"column":41},"end":{"line":34,"column":68}},"24":{"start":{"line":35,"column":38},"end":{"line":35,"column":62}},"25":{"start":{"line":36,"column":39},"end":{"line":36,"column":64}},"26":{"start":{"line":38,"column":42},"end":{"line":38,"column":70}},"27":{"start":{"line":39,"column":42},"end":{"line":39,"column":70}},"28":{"start":{"line":40,"column":39},"end":{"line":40,"column":64}}},"fnMap":{},"branchMap":{},"s":{"0":0,"1":0,"2":0,"3":0,"4":0,"5":0,"6":0,"7":0,"8":0,"9":0,"10":0,"11":0,"12":0,"13":0,"14":0,"15":0,"16":0,"17":0,"18":0,"19":0,"20":0,"21":0,"22":0,"23":0,"24":0,"25":0,"26":0,"27":0,"28":0},"f":{},"b":{}}
,"D:\\proyecto de grado\\gestion-asistencias\\client\\src\\constants\\qrConstants.jsx": {"path":"D:\\proyecto de grado\\gestion-asistencias\\client\\src\\constants\\qrConstants.jsx","statementMap":{"0":{"start":{"line":1,"column":33},"end":{"line":1,"column":52}},"1":{"start":{"line":2,"column":33},"end":{"line":2,"column":52}},"2":{"start":{"line":3,"column":30},"end":{"line":3,"column":46}},"3":{"start":{"line":4,"column":31},"end":{"line":4,"column":48}}},"fnMap":{},"branchMap":{},"s":{"0":0,"1":0,"2":0,"3":0},"f":{},"b":{}}
,"D:\\proyecto de grado\\gestion-asistencias\\client\\src\\constants\\reportConstants.jsx": {"path":"D:\\proyecto de grado\\gestion-asistencias\\client\\src\\constants\\reportConstants.jsx","statementMap":{"0":{"start":{"line":1,"column":37},"end":{"line":1,"column":60}},"1":{"start":{"line":2,"column":37},"end":{"line":2,"column":60}},"2":{"start":{"line":3,"column":34},"end":{"line":3,"column":54}},"3":{"start":{"line":4,"column":35},"end":{"line":4,"column":56}}},"fnMap":{},"branchMap":{},"s":{"0":0,"1":0,"2":0,"3":0},"f":{},"b":{}}
,"D:\\proyecto de grado\\gestion-asistencias\\client\\src\\constants\\userConstants.jsx": {"path":"D:\\proyecto de grado\\gestion-asistencias\\client\\src\\constants\\userConstants.jsx","statementMap":{"0":{"start":{"line":1,"column":34},"end":{"line":1,"column":54}},"1":{"start":{"line":2,"column":34},"end":{"line":2,"column":54}},"2":{"start":{"line":3,"column":31},"end":{"line":3,"column":48}},"3":{"start":{"line":5,"column":27},"end":{"line":5,"column":40}},"4":{"start":{"line":7,"column":37},"end":{"line":7,"column":60}},"5":{"start":{"line":8,"column":37},"end":{"line":8,"column":60}},"6":{"start":{"line":9,"column":34},"end":{"line":9,"column":54}},"7":{"start":{"line":11,"column":36},"end":{"line":11,"column":58}},"8":{"start":{"line":12,"column":36},"end":{"line":12,"column":58}},"9":{"start":{"line":13,"column":33},"end":{"line":13,"column":52}},"10":{"start":{"line":14,"column":34},"end":{"line":14,"column":54}},"11":{"start":{"line":16,"column":43},"end":{"line":16,"column":72}},"12":{"start":{"line":17,"column":43},"end":{"line":17,"column":72}},"13":{"start":{"line":18,"column":40},"end":{"line":18,"column":66}},"14":{"start":{"line":19,"column":41},"end":{"line":19,"column":68}},"15":{"start":{"line":21,"column":33},"end":{"line":21,"column":52}},"16":{"start":{"line":22,"column":33},"end":{"line":22,"column":52}},"17":{"start":{"line":23,"column":30},"end":{"line":23,"column":46}},"18":{"start":{"line":24,"column":31},"end":{"line":24,"column":48}},"19":{"start":{"line":26,"column":35},"end":{"line":26,"column":56}},"20":{"start":{"line":27,"column":35},"end":{"line":27,"column":56}},"21":{"start":{"line":28,"column":32},"end":{"line":28,"column":50}},"22":{"start":{"line":30,"column":35},"end":{"line":30,"column":56}},"23":{"start":{"line":31,"column":35},"end":{"line":31,"column":56}},"24":{"start":{"line":32,"column":32},"end":{"line":32,"column":50}},"25":{"start":{"line":33,"column":33},"end":{"line":33,"column":52}},"26":{"start":{"line":35,"column":36},"end":{"line":35,"column":58}},"27":{"start":{"line":36,"column":36},"end":{"line":36,"column":58}},"28":{"start":{"line":37,"column":33},"end":{"line":37,"column":52}}},"fnMap":{},"branchMap":{},"s":{"0":0,"1":0,"2":0,"3":0,"4":0,"5":0,"6":0,"7":0,"8":0,"9":0,"10":0,"11":0,"12":0,"13":0,"14":0,"15":0,"16":0,"17":0,"18":0,"19":0,"20":0,"21":0,"22":0,"23":0,"24":0,"25":0,"26":0,"27":0,"28":0},"f":{},"b":{}}
,"D:\\proyecto de grado\\gestion-asistencias\\client\\src\\reducers\\assigmentReducers.jsx": {"path":"D:\\proyecto de grado\\gestion-asistencias\\client\\src\\reducers\\assigmentReducers.jsx","statementMap":{"0":{"start":{"line":9,"column":39},"end":{"line":23,"column":1}},"1":{"start":{"line":10,"column":2},"end":{"line":22,"column":3}},"2":{"start":{"line":12,"column":6},"end":{"line":12,"column":41}},"3":{"start":{"line":15,"column":6},"end":{"line":15,"column":60}},"4":{"start":{"line":18,"column":6},"end":{"line":18,"column":55}},"5":{"start":{"line":21,"column":6},"end":{"line":21,"column":19}}},"fnMap":{"0":{"name":"(anonymous_0)","decl":{"start":{"line":9,"column":39},"end":{"line":9,"column":40}},"loc":{"start":{"line":9,"column":79},"end":{"line":23,"column":1}},"line":9}},"branchMap":{"0":{"loc":{"start":{"line":9,"column":40},"end":{"line":9,"column":66}},"type":"default-arg","locations":[{"start":{"line":9,"column":48},"end":{"line":9,"column":66}}],"line":9},"1":{"loc":{"start":{"line":10,"column":2},"end":{"line":22,"column":3}},"type":"switch","locations":[{"start":{"line":11,"column":4},"end":{"line":12,"column":41}},{"start":{"line":14,"column":4},"end":{"line":15,"column":60}},{"start":{"line":17,"column":4},"end":{"line":18,"column":55}},{"start":{"line":20,"column":4},"end":{"line":21,"column":19}}],"line":10}},"s":{"0":0,"1":0,"2":0,"3":0,"4":0,"5":0},"f":{"0":0},"b":{"0":[0],"1":[0,0,0,0]}}
,"D:\\proyecto de grado\\gestion-asistencias\\client\\src\\reducers\\attendanceReducers.jsx": {"path":"D:\\proyecto de grado\\gestion-asistencias\\client\\src\\reducers\\attendanceReducers.jsx","statementMap":{"0":{"start":{"line":10,"column":39},"end":{"line":27,"column":1}},"1":{"start":{"line":11,"column":2},"end":{"line":26,"column":3}},"2":{"start":{"line":13,"column":6},"end":{"line":13,"column":31}},"3":{"start":{"line":16,"column":6},"end":{"line":16,"column":75}},"4":{"start":{"line":19,"column":6},"end":{"line":19,"column":55}},"5":{"start":{"line":22,"column":6},"end":{"line":22,"column":16}},"6":{"start":{"line":25,"column":6},"end":{"line":25,"column":19}}},"fnMap":{"0":{"name":"(anonymous_0)","decl":{"start":{"line":10,"column":39},"end":{"line":10,"column":40}},"loc":{"start":{"line":10,"column":63},"end":{"line":27,"column":1}},"line":10}},"branchMap":{"0":{"loc":{"start":{"line":10,"column":40},"end":{"line":10,"column":50}},"type":"default-arg","locations":[{"start":{"line":10,"column":48},"end":{"line":10,"column":50}}],"line":10},"1":{"loc":{"start":{"line":11,"column":2},"end":{"line":26,"column":3}},"type":"switch","locations":[{"start":{"line":12,"column":4},"end":{"line":13,"column":31}},{"start":{"line":15,"column":4},"end":{"line":16,"column":75}},{"start":{"line":18,"column":4},"end":{"line":19,"column":55}},{"start":{"line":21,"column":4},"end":{"line":22,"column":16}},{"start":{"line":24,"column":4},"end":{"line":25,"column":19}}],"line":11}},"s":{"0":0,"1":0,"2":0,"3":0,"4":0,"5":0,"6":0},"f":{"0":0},"b":{"0":[0],"1":[0,0,0,0,0]}}
,"D:\\proyecto de grado\\gestion-asistencias\\client\\src\\reducers\\classReducers.jsx": {"path":"D:\\proyecto de grado\\gestion-asistencias\\client\\src\\reducers\\classReducers.jsx","statementMap":{"0":{"start":{"line":30,"column":35},"end":{"line":44,"column":1}},"1":{"start":{"line":31,"column":2},"end":{"line":43,"column":3}},"2":{"start":{"line":33,"column":6},"end":{"line":33,"column":41}},"3":{"start":{"line":36,"column":6},"end":{"line":36,"column":56}},"4":{"start":{"line":39,"column":6},"end":{"line":39,"column":55}},"5":{"start":{"line":42,"column":6},"end":{"line":42,"column":19}},"6":{"start":{"line":47,"column":34},"end":{"line":64,"column":1}},"7":{"start":{"line":48,"column":2},"end":{"line":63,"column":3}},"8":{"start":{"line":50,"column":6},"end":{"line":50,"column":31}},"9":{"start":{"line":53,"column":6},"end":{"line":53,"column":70}},"10":{"start":{"line":56,"column":6},"end":{"line":56,"column":55}},"11":{"start":{"line":59,"column":6},"end":{"line":59,"column":16}},"12":{"start":{"line":62,"column":6},"end":{"line":62,"column":19}},"13":{"start":{"line":67,"column":32},"end":{"line":81,"column":1}},"14":{"start":{"line":68,"column":2},"end":{"line":80,"column":3}},"15":{"start":{"line":70,"column":6},"end":{"line":70,"column":41}},"16":{"start":{"line":73,"column":6},"end":{"line":73,"column":54}},"17":{"start":{"line":76,"column":6},"end":{"line":76,"column":55}},"18":{"start":{"line":79,"column":6},"end":{"line":79,"column":19}},"19":{"start":{"line":84,"column":37},"end":{"line":98,"column":1}},"20":{"start":{"line":85,"column":2},"end":{"line":97,"column":3}},"21":{"start":{"line":87,"column":6},"end":{"line":87,"column":41}},"22":{"start":{"line":90,"column":6},"end":{"line":90,"column":59}},"23":{"start":{"line":93,"column":6},"end":{"line":93,"column":55}},"24":{"start":{"line":96,"column":6},"end":{"line":96,"column":19}},"25":{"start":{"line":101,"column":30},"end":{"line":115,"column":1}},"26":{"start":{"line":102,"column":2},"end":{"line":114,"column":3}},"27":{"start":{"line":104,"column":6},"end":{"line":104,"column":41}},"28":{"start":{"line":107,"column":6},"end":{"line":107,"column":56}},"29":{"start":{"line":110,"column":6},"end":{"line":110,"column":55}},"30":{"start":{"line":113,"column":6},"end":{"line":113,"column":19}},"31":{"start":{"line":118,"column":40},"end":{"line":132,"column":1}},"32":{"start":{"line":119,"column":2},"end":{"line":131,"column":3}},"33":{"start":{"line":121,"column":6},"end":{"line":121,"column":31}},"34":{"start":{"line":124,"column":6},"end":{"line":124,"column":47}},"35":{"start":{"line":127,"column":6},"end":{"line":127,"column":55}},"36":{"start":{"line":130,"column":6},"end":{"line":130,"column":19}},"37":{"start":{"line":135,"column":31},"end":{"line":149,"column":1}},"38":{"start":{"line":136,"column":2},"end":{"line":148,"column":3}},"39":{"start":{"line":138,"column":6},"end":{"line":138,"column":41}},"40":{"start":{"line":141,"column":6},"end":{"line":141,"column":53}},"41":{"start":{"line":144,"column":6},"end":{"line":144,"column":55}},"42":{"start":{"line":147,"column":6},"end":{"line":147,"column":19}},"43":{"start":{"line":152,"column":31},"end":{"line":166,"column":1}},"44":{"start":{"line":153,"column":2},"end":{"line":165,"column":3}},"45":{"start":{"line":155,"column":6},"end":{"line":155,"column":41}},"46":{"start":{"line":158,"column":6},"end":{"line":158,"column":53}},"47":{"start":{"line":161,"column":6},"end":{"line":161,"column":55}},"48":{"start":{"line":164,"column":6},"end":{"line":164,"column":19}}},"fnMap":{"0":{"name":"(anonymous_0)","decl":{"start":{"line":30,"column":35},"end":{"line":30,"column":36}},"loc":{"start":{"line":30,"column":71},"end":{"line":44,"column":1}},"line":30},"1":{"name":"(anonymous_1)","decl":{"start":{"line":47,"column":34},"end":{"line":47,"column":35}},"loc":{"start":{"line":47,"column":58},"end":{"line":64,"column":1}},"line":47},"2":{"name":"(anonymous_2)","decl":{"start":{"line":67,"column":32},"end":{"line":67,"column":33}},"loc":{"start":{"line":67,"column":66},"end":{"line":81,"column":1}},"line":67},"3":{"name":"(anonymous_3)","decl":{"start":{"line":84,"column":37},"end":{"line":84,"column":38}},"loc":{"start":{"line":84,"column":76},"end":{"line":98,"column":1}},"line":84},"4":{"name":"(anonymous_4)","decl":{"start":{"line":101,"column":30},"end":{"line":101,"column":31}},"loc":{"start":{"line":101,"column":66},"end":{"line":115,"column":1}},"line":101},"5":{"name":"(anonymous_5)","decl":{"start":{"line":118,"column":40},"end":{"line":118,"column":41}},"loc":{"start":{"line":118,"column":64},"end":{"line":132,"column":1}},"line":118},"6":{"name":"(anonymous_6)","decl":{"start":{"line":135,"column":31},"end":{"line":135,"column":32}},"loc":{"start":{"line":135,"column":64},"end":{"line":149,"column":1}},"line":135},"7":{"name":"(anonymous_7)","decl":{"start":{"line":152,"column":31},"end":{"line":152,"column":32}},"loc":{"start":{"line":152,"column":64},"end":{"line":166,"column":1}},"line":152}},"branchMap":{"0":{"loc":{"start":{"line":30,"column":36},"end":{"line":30,"column":58}},"type":"default-arg","locations":[{"start":{"line":30,"column":44},"end":{"line":30,"column":58}}],"line":30},"1":{"loc":{"start":{"line":31,"column":2},"end":{"line":43,"column":3}},"type":"switch","locations":[{"start":{"line":32,"column":4},"end":{"line":33,"column":41}},{"start":{"line":35,"column":4},"end":{"line":36,"column":56}},{"start":{"line":38,"column":4},"end":{"line":39,"column":55}},{"start":{"line":41,"column":4},"end":{"line":42,"column":19}}],"line":31},"2":{"loc":{"start":{"line":47,"column":35},"end":{"line":47,"column":45}},"type":"default-arg","locations":[{"start":{"line":47,"column":43},"end":{"line":47,"column":45}}],"line":47},"3":{"loc":{"start":{"line":48,"column":2},"end":{"line":63,"column":3}},"type":"switch","locations":[{"start":{"line":49,"column":4},"end":{"line":50,"column":31}},{"start":{"line":52,"column":4},"end":{"line":53,"column":70}},{"start":{"line":55,"column":4},"end":{"line":56,"column":55}},{"start":{"line":58,"column":4},"end":{"line":59,"column":16}},{"start":{"line":61,"column":4},"end":{"line":62,"column":19}}],"line":48},"4":{"loc":{"start":{"line":67,"column":33},"end":{"line":67,"column":53}},"type":"default-arg","locations":[{"start":{"line":67,"column":41},"end":{"line":67,"column":53}}],"line":67},"5":{"loc":{"start":{"line":68,"column":2},"end":{"line":80,"column":3}},"type":"switch","locations":[{"start":{"line":69,"column":4},"end":{"line":70,"column":41}},{"start":{"line":72,"column":4},"end":{"line":73,"column":54}},{"start":{"line":75,"column":4},"end":{"line":76,"column":55}},{"start":{"line":78,"column":4},"end":{"line":79,"column":19}}],"line":68},"6":{"loc":{"start":{"line":84,"column":38},"end":{"line":84,"column":63}},"type":"default-arg","locations":[{"start":{"line":84,"column":46},"end":{"line":84,"column":63}}],"line":84},"7":{"loc":{"start":{"line":85,"column":2},"end":{"line":97,"column":3}},"type":"switch","locations":[{"start":{"line":86,"column":4},"end":{"line":87,"column":41}},{"start":{"line":89,"column":4},"end":{"line":90,"column":59}},{"start":{"line":92,"column":4},"end":{"line":93,"column":55}},{"start":{"line":95,"column":4},"end":{"line":96,"column":19}}],"line":85},"8":{"loc":{"start":{"line":101,"column":31},"end":{"line":101,"column":53}},"type":"default-arg","locations":[{"start":{"line":101,"column":39},"end":{"line":101,"column":53}}],"line":101},"9":{"loc":{"start":{"line":102,"column":2},"end":{"line":114,"column":3}},"type":"switch","locations":[{"start":{"line":103,"column":4},"end":{"line":104,"column":41}},{"start":{"line":106,"column":4},"end":{"line":107,"column":56}},{"start":{"line":109,"column":4},"end":{"line":110,"column":55}},{"start":{"line":112,"column":4},"end":{"line":113,"column":19}}],"line":102},"10":{"loc":{"start":{"line":118,"column":41},"end":{"line":118,"column":51}},"type":"default-arg","locations":[{"start":{"line":118,"column":49},"end":{"line":118,"column":51}}],"line":118},"11":{"loc":{"start":{"line":119,"column":2},"end":{"line":131,"column":3}},"type":"switch","locations":[{"start":{"line":120,"column":4},"end":{"line":121,"column":31}},{"start":{"line":123,"column":4},"end":{"line":124,"column":47}},{"start":{"line":126,"column":4},"end":{"line":127,"column":55}},{"start":{"line":129,"column":4},"end":{"line":130,"column":19}}],"line":119},"12":{"loc":{"start":{"line":135,"column":32},"end":{"line":135,"column":51}},"type":"default-arg","locations":[{"start":{"line":135,"column":40},"end":{"line":135,"column":51}}],"line":135},"13":{"loc":{"start":{"line":136,"column":2},"end":{"line":148,"column":3}},"type":"switch","locations":[{"start":{"line":137,"column":4},"end":{"line":138,"column":41}},{"start":{"line":140,"column":4},"end":{"line":141,"column":53}},{"start":{"line":143,"column":4},"end":{"line":144,"column":55}},{"start":{"line":146,"column":4},"end":{"line":147,"column":19}}],"line":136},"14":{"loc":{"start":{"line":152,"column":32},"end":{"line":152,"column":51}},"type":"default-arg","locations":[{"start":{"line":152,"column":40},"end":{"line":152,"column":51}}],"line":152},"15":{"loc":{"start":{"line":153,"column":2},"end":{"line":165,"column":3}},"type":"switch","locations":[{"start":{"line":154,"column":4},"end":{"line":155,"column":41}},{"start":{"line":157,"column":4},"end":{"line":158,"column":53}},{"start":{"line":160,"column":4},"end":{"line":161,"column":55}},{"start":{"line":163,"column":4},"end":{"line":164,"column":19}}],"line":153}},"s":{"0":0,"1":0,"2":0,"3":0,"4":0,"5":0,"6":0,"7":0,"8":0,"9":0,"10":0,"11":0,"12":0,"13":0,"14":0,"15":0,"16":0,"17":0,"18":0,"19":0,"20":0,"21":0,"22":0,"23":0,"24":0,"25":0,"26":0,"27":0,"28":0,"29":0,"30":0,"31":0,"32":0,"33":0,"34":0,"35":0,"36":0,"37":0,"38":0,"39":0,"40":0,"41":0,"42":0,"43":0,"44":0,"45":0,"46":0,"47":0,"48":0},"f":{"0":0,"1":0,"2":0,"3":0,"4":0,"5":0,"6":0,"7":0},"b":{"0":[0],"1":[0,0,0,0],"2":[0],"3":[0,0,0,0,0],"4":[0],"5":[0,0,0,0],"6":[0],"7":[0,0,0,0],"8":[0],"9":[0,0,0,0],"10":[0],"11":[0,0,0,0],"12":[0],"13":[0,0,0,0],"14":[0],"15":[0,0,0,0]}}
,"D:\\proyecto de grado\\gestion-asistencias\\client\\src\\reducers\\docenteReducers.jsx": {"path":"D:\\proyecto de grado\\gestion-asistencias\\client\\src\\reducers\\docenteReducers.jsx","statementMap":{"0":{"start":{"line":18,"column":35},"end":{"line":35,"column":1}},"1":{"start":{"line":19,"column":2},"end":{"line":34,"column":3}},"2":{"start":{"line":21,"column":6},"end":{"line":21,"column":31}},"3":{"start":{"line":24,"column":6},"end":{"line":24,"column":58}},"4":{"start":{"line":27,"column":6},"end":{"line":27,"column":55}},"5":{"start":{"line":30,"column":6},"end":{"line":30,"column":16}},"6":{"start":{"line":33,"column":6},"end":{"line":33,"column":19}},"7":{"start":{"line":37,"column":38},"end":{"line":54,"column":1}},"8":{"start":{"line":38,"column":2},"end":{"line":53,"column":3}},"9":{"start":{"line":40,"column":6},"end":{"line":40,"column":31}},"10":{"start":{"line":43,"column":6},"end":{"line":43,"column":58}},"11":{"start":{"line":46,"column":6},"end":{"line":46,"column":55}},"12":{"start":{"line":49,"column":6},"end":{"line":49,"column":16}},"13":{"start":{"line":52,"column":6},"end":{"line":52,"column":19}},"14":{"start":{"line":56,"column":37},"end":{"line":70,"column":1}},"15":{"start":{"line":57,"column":2},"end":{"line":69,"column":3}},"16":{"start":{"line":59,"column":6},"end":{"line":59,"column":31}},"17":{"start":{"line":62,"column":6},"end":{"line":62,"column":58}},"18":{"start":{"line":65,"column":6},"end":{"line":65,"column":55}},"19":{"start":{"line":68,"column":6},"end":{"line":68,"column":19}},"20":{"start":{"line":72,"column":37},"end":{"line":89,"column":1}},"21":{"start":{"line":73,"column":2},"end":{"line":88,"column":3}},"22":{"start":{"line":75,"column":6},"end":{"line":75,"column":41}},"23":{"start":{"line":78,"column":6},"end":{"line":78,"column":54}},"24":{"start":{"line":81,"column":6},"end":{"line":81,"column":55}},"25":{"start":{"line":84,"column":6},"end":{"line":84,"column":26}},"26":{"start":{"line":87,"column":6},"end":{"line":87,"column":19}}},"fnMap":{"0":{"name":"(anonymous_0)","decl":{"start":{"line":18,"column":35},"end":{"line":18,"column":36}},"loc":{"start":{"line":18,"column":59},"end":{"line":35,"column":1}},"line":18},"1":{"name":"(anonymous_1)","decl":{"start":{"line":37,"column":38},"end":{"line":37,"column":39}},"loc":{"start":{"line":37,"column":62},"end":{"line":54,"column":1}},"line":37},"2":{"name":"(anonymous_2)","decl":{"start":{"line":56,"column":37},"end":{"line":56,"column":38}},"loc":{"start":{"line":56,"column":61},"end":{"line":70,"column":1}},"line":56},"3":{"name":"(anonymous_3)","decl":{"start":{"line":72,"column":37},"end":{"line":72,"column":38}},"loc":{"start":{"line":72,"column":71},"end":{"line":89,"column":1}},"line":72}},"branchMap":{"0":{"loc":{"start":{"line":18,"column":36},"end":{"line":18,"column":46}},"type":"default-arg","locations":[{"start":{"line":18,"column":44},"end":{"line":18,"column":46}}],"line":18},"1":{"loc":{"start":{"line":19,"column":2},"end":{"line":34,"column":3}},"type":"switch","locations":[{"start":{"line":20,"column":4},"end":{"line":21,"column":31}},{"start":{"line":23,"column":4},"end":{"line":24,"column":58}},{"start":{"line":26,"column":4},"end":{"line":27,"column":55}},{"start":{"line":29,"column":4},"end":{"line":30,"column":16}},{"start":{"line":32,"column":4},"end":{"line":33,"column":19}}],"line":19},"2":{"loc":{"start":{"line":37,"column":39},"end":{"line":37,"column":49}},"type":"default-arg","locations":[{"start":{"line":37,"column":47},"end":{"line":37,"column":49}}],"line":37},"3":{"loc":{"start":{"line":38,"column":2},"end":{"line":53,"column":3}},"type":"switch","locations":[{"start":{"line":39,"column":4},"end":{"line":40,"column":31}},{"start":{"line":42,"column":4},"end":{"line":43,"column":58}},{"start":{"line":45,"column":4},"end":{"line":46,"column":55}},{"start":{"line":48,"column":4},"end":{"line":49,"column":16}},{"start":{"line":51,"column":4},"end":{"line":52,"column":19}}],"line":38},"4":{"loc":{"start":{"line":56,"column":38},"end":{"line":56,"column":48}},"type":"default-arg","locations":[{"start":{"line":56,"column":46},"end":{"line":56,"column":48}}],"line":56},"5":{"loc":{"start":{"line":57,"column":2},"end":{"line":69,"column":3}},"type":"switch","locations":[{"start":{"line":58,"column":4},"end":{"line":59,"column":31}},{"start":{"line":61,"column":4},"end":{"line":62,"column":58}},{"start":{"line":64,"column":4},"end":{"line":65,"column":55}},{"start":{"line":67,"column":4},"end":{"line":68,"column":19}}],"line":57},"6":{"loc":{"start":{"line":72,"column":38},"end":{"line":72,"column":58}},"type":"default-arg","locations":[{"start":{"line":72,"column":46},"end":{"line":72,"column":58}}],"line":72},"7":{"loc":{"start":{"line":73,"column":2},"end":{"line":88,"column":3}},"type":"switch","locations":[{"start":{"line":74,"column":4},"end":{"line":75,"column":41}},{"start":{"line":77,"column":4},"end":{"line":78,"column":54}},{"start":{"line":80,"column":4},"end":{"line":81,"column":55}},{"start":{"line":83,"column":4},"end":{"line":84,"column":26}},{"start":{"line":86,"column":4},"end":{"line":87,"column":19}}],"line":73}},"s":{"0":0,"1":0,"2":0,"3":0,"4":0,"5":0,"6":0,"7":0,"8":0,"9":0,"10":0,"11":0,"12":0,"13":0,"14":0,"15":0,"16":0,"17":0,"18":0,"19":0,"20":0,"21":0,"22":0,"23":0,"24":0,"25":0,"26":0},"f":{"0":0,"1":0,"2":0,"3":0},"b":{"0":[0],"1":[0,0,0,0,0],"2":[0],"3":[0,0,0,0,0],"4":[0],"5":[0,0,0,0],"6":[0],"7":[0,0,0,0,0]}}
,"D:\\proyecto de grado\\gestion-asistencias\\client\\src\\reducers\\estudianteReducers.jsx": {"path":"D:\\proyecto de grado\\gestion-asistencias\\client\\src\\reducers\\estudianteReducers.jsx","statementMap":{"0":{"start":{"line":18,"column":38},"end":{"line":35,"column":1}},"1":{"start":{"line":19,"column":2},"end":{"line":34,"column":3}},"2":{"start":{"line":21,"column":6},"end":{"line":21,"column":31}},"3":{"start":{"line":24,"column":6},"end":{"line":24,"column":58}},"4":{"start":{"line":27,"column":6},"end":{"line":27,"column":55}},"5":{"start":{"line":30,"column":6},"end":{"line":30,"column":16}},"6":{"start":{"line":33,"column":6},"end":{"line":33,"column":19}},"7":{"start":{"line":37,"column":41},"end":{"line":54,"column":1}},"8":{"start":{"line":38,"column":2},"end":{"line":53,"column":3}},"9":{"start":{"line":40,"column":6},"end":{"line":40,"column":31}},"10":{"start":{"line":43,"column":6},"end":{"line":43,"column":58}},"11":{"start":{"line":46,"column":6},"end":{"line":46,"column":55}},"12":{"start":{"line":49,"column":6},"end":{"line":49,"column":16}},"13":{"start":{"line":52,"column":6},"end":{"line":52,"column":19}},"14":{"start":{"line":56,"column":40},"end":{"line":70,"column":1}},"15":{"start":{"line":57,"column":2},"end":{"line":69,"column":3}},"16":{"start":{"line":59,"column":6},"end":{"line":59,"column":31}},"17":{"start":{"line":62,"column":6},"end":{"line":62,"column":58}},"18":{"start":{"line":65,"column":6},"end":{"line":65,"column":55}},"19":{"start":{"line":68,"column":6},"end":{"line":68,"column":19}},"20":{"start":{"line":72,"column":40},"end":{"line":89,"column":1}},"21":{"start":{"line":73,"column":2},"end":{"line":88,"column":3}},"22":{"start":{"line":75,"column":6},"end":{"line":75,"column":41}},"23":{"start":{"line":78,"column":6},"end":{"line":78,"column":54}},"24":{"start":{"line":81,"column":6},"end":{"line":81,"column":55}},"25":{"start":{"line":84,"column":6},"end":{"line":84,"column":26}},"26":{"start":{"line":87,"column":6},"end":{"line":87,"column":19}}},"fnMap":{"0":{"name":"(anonymous_0)","decl":{"start":{"line":18,"column":38},"end":{"line":18,"column":39}},"loc":{"start":{"line":18,"column":62},"end":{"line":35,"column":1}},"line":18},"1":{"name":"(anonymous_1)","decl":{"start":{"line":37,"column":41},"end":{"line":37,"column":42}},"loc":{"start":{"line":37,"column":65},"end":{"line":54,"column":1}},"line":37},"2":{"name":"(anonymous_2)","decl":{"start":{"line":56,"column":40},"end":{"line":56,"column":41}},"loc":{"start":{"line":56,"column":64},"end":{"line":70,"column":1}},"line":56},"3":{"name":"(anonymous_3)","decl":{"start":{"line":72,"column":40},"end":{"line":72,"column":41}},"loc":{"start":{"line":72,"column":74},"end":{"line":89,"column":1}},"line":72}},"branchMap":{"0":{"loc":{"start":{"line":18,"column":39},"end":{"line":18,"column":49}},"type":"default-arg","locations":[{"start":{"line":18,"column":47},"end":{"line":18,"column":49}}],"line":18},"1":{"loc":{"start":{"line":19,"column":2},"end":{"line":34,"column":3}},"type":"switch","locations":[{"start":{"line":20,"column":4},"end":{"line":21,"column":31}},{"start":{"line":23,"column":4},"end":{"line":24,"column":58}},{"start":{"line":26,"column":4},"end":{"line":27,"column":55}},{"start":{"line":29,"column":4},"end":{"line":30,"column":16}},{"start":{"line":32,"column":4},"end":{"line":33,"column":19}}],"line":19},"2":{"loc":{"start":{"line":37,"column":42},"end":{"line":37,"column":52}},"type":"default-arg","locations":[{"start":{"line":37,"column":50},"end":{"line":37,"column":52}}],"line":37},"3":{"loc":{"start":{"line":38,"column":2},"end":{"line":53,"column":3}},"type":"switch","locations":[{"start":{"line":39,"column":4},"end":{"line":40,"column":31}},{"start":{"line":42,"column":4},"end":{"line":43,"column":58}},{"start":{"line":45,"column":4},"end":{"line":46,"column":55}},{"start":{"line":48,"column":4},"end":{"line":49,"column":16}},{"start":{"line":51,"column":4},"end":{"line":52,"column":19}}],"line":38},"4":{"loc":{"start":{"line":56,"column":41},"end":{"line":56,"column":51}},"type":"default-arg","locations":[{"start":{"line":56,"column":49},"end":{"line":56,"column":51}}],"line":56},"5":{"loc":{"start":{"line":57,"column":2},"end":{"line":69,"column":3}},"type":"switch","locations":[{"start":{"line":58,"column":4},"end":{"line":59,"column":31}},{"start":{"line":61,"column":4},"end":{"line":62,"column":58}},{"start":{"line":64,"column":4},"end":{"line":65,"column":55}},{"start":{"line":67,"column":4},"end":{"line":68,"column":19}}],"line":57},"6":{"loc":{"start":{"line":72,"column":41},"end":{"line":72,"column":61}},"type":"default-arg","locations":[{"start":{"line":72,"column":49},"end":{"line":72,"column":61}}],"line":72},"7":{"loc":{"start":{"line":73,"column":2},"end":{"line":88,"column":3}},"type":"switch","locations":[{"start":{"line":74,"column":4},"end":{"line":75,"column":41}},{"start":{"line":77,"column":4},"end":{"line":78,"column":54}},{"start":{"line":80,"column":4},"end":{"line":81,"column":55}},{"start":{"line":83,"column":4},"end":{"line":84,"column":26}},{"start":{"line":86,"column":4},"end":{"line":87,"column":19}}],"line":73}},"s":{"0":0,"1":0,"2":0,"3":0,"4":0,"5":0,"6":0,"7":0,"8":0,"9":0,"10":0,"11":0,"12":0,"13":0,"14":0,"15":0,"16":0,"17":0,"18":0,"19":0,"20":0,"21":0,"22":0,"23":0,"24":0,"25":0,"26":0},"f":{"0":0,"1":0,"2":0,"3":0},"b":{"0":[0],"1":[0,0,0,0,0],"2":[0],"3":[0,0,0,0,0],"4":[0],"5":[0,0,0,0],"6":[0],"7":[0,0,0,0,0]}}
,"D:\\proyecto de grado\\gestion-asistencias\\client\\src\\reducers\\qrReducers.jsx": {"path":"D:\\proyecto de grado\\gestion-asistencias\\client\\src\\reducers\\qrReducers.jsx","statementMap":{"0":{"start":{"line":10,"column":31},"end":{"line":27,"column":1}},"1":{"start":{"line":11,"column":2},"end":{"line":26,"column":3}},"2":{"start":{"line":13,"column":6},"end":{"line":13,"column":31}},"3":{"start":{"line":16,"column":6},"end":{"line":16,"column":71}},"4":{"start":{"line":19,"column":6},"end":{"line":19,"column":55}},"5":{"start":{"line":22,"column":6},"end":{"line":22,"column":16}},"6":{"start":{"line":25,"column":6},"end":{"line":25,"column":19}}},"fnMap":{"0":{"name":"(anonymous_0)","decl":{"start":{"line":10,"column":31},"end":{"line":10,"column":32}},"loc":{"start":{"line":10,"column":55},"end":{"line":27,"column":1}},"line":10}},"branchMap":{"0":{"loc":{"start":{"line":10,"column":32},"end":{"line":10,"column":42}},"type":"default-arg","locations":[{"start":{"line":10,"column":40},"end":{"line":10,"column":42}}],"line":10},"1":{"loc":{"start":{"line":11,"column":2},"end":{"line":26,"column":3}},"type":"switch","locations":[{"start":{"line":12,"column":4},"end":{"line":13,"column":31}},{"start":{"line":15,"column":4},"end":{"line":16,"column":71}},{"start":{"line":18,"column":4},"end":{"line":19,"column":55}},{"start":{"line":21,"column":4},"end":{"line":22,"column":16}},{"start":{"line":24,"column":4},"end":{"line":25,"column":19}}],"line":11}},"s":{"0":0,"1":0,"2":0,"3":0,"4":0,"5":0,"6":0},"f":{"0":0},"b":{"0":[0],"1":[0,0,0,0,0]}}
,"D:\\proyecto de grado\\gestion-asistencias\\client\\src\\reducers\\reportReducers.jsx": {"path":"D:\\proyecto de grado\\gestion-asistencias\\client\\src\\reducers\\reportReducers.jsx","statementMap":{"0":{"start":{"line":10,"column":35},"end":{"line":27,"column":1}},"1":{"start":{"line":11,"column":2},"end":{"line":26,"column":3}},"2":{"start":{"line":13,"column":6},"end":{"line":13,"column":31}},"3":{"start":{"line":16,"column":6},"end":{"line":16,"column":72}},"4":{"start":{"line":19,"column":6},"end":{"line":19,"column":55}},"5":{"start":{"line":22,"column":6},"end":{"line":22,"column":16}},"6":{"start":{"line":25,"column":6},"end":{"line":25,"column":19}}},"fnMap":{"0":{"name":"(anonymous_0)","decl":{"start":{"line":10,"column":35},"end":{"line":10,"column":36}},"loc":{"start":{"line":10,"column":59},"end":{"line":27,"column":1}},"line":10}},"branchMap":{"0":{"loc":{"start":{"line":10,"column":36},"end":{"line":10,"column":46}},"type":"default-arg","locations":[{"start":{"line":10,"column":44},"end":{"line":10,"column":46}}],"line":10},"1":{"loc":{"start":{"line":11,"column":2},"end":{"line":26,"column":3}},"type":"switch","locations":[{"start":{"line":12,"column":4},"end":{"line":13,"column":31}},{"start":{"line":15,"column":4},"end":{"line":16,"column":72}},{"start":{"line":18,"column":4},"end":{"line":19,"column":55}},{"start":{"line":21,"column":4},"end":{"line":22,"column":16}},{"start":{"line":24,"column":4},"end":{"line":25,"column":19}}],"line":11}},"s":{"0":0,"1":0,"2":0,"3":0,"4":0,"5":0,"6":0},"f":{"0":0},"b":{"0":[0],"1":[0,0,0,0,0]}}
,"D:\\proyecto de grado\\gestion-asistencias\\client\\src\\reducers\\userReducers.jsx": {"path":"D:\\proyecto de grado\\gestion-asistencias\\client\\src\\reducers\\userReducers.jsx","statementMap":{"0":{"start":{"line":18,"column":32},"end":{"line":35,"column":1}},"1":{"start":{"line":19,"column":2},"end":{"line":34,"column":3}},"2":{"start":{"line":21,"column":6},"end":{"line":21,"column":31}},"3":{"start":{"line":24,"column":6},"end":{"line":24,"column":58}},"4":{"start":{"line":27,"column":6},"end":{"line":27,"column":55}},"5":{"start":{"line":30,"column":6},"end":{"line":30,"column":16}},"6":{"start":{"line":33,"column":6},"end":{"line":33,"column":19}},"7":{"start":{"line":37,"column":35},"end":{"line":54,"column":1}},"8":{"start":{"line":38,"column":2},"end":{"line":53,"column":3}},"9":{"start":{"line":40,"column":6},"end":{"line":40,"column":31}},"10":{"start":{"line":43,"column":6},"end":{"line":43,"column":58}},"11":{"start":{"line":46,"column":6},"end":{"line":46,"column":55}},"12":{"start":{"line":49,"column":6},"end":{"line":49,"column":16}},"13":{"start":{"line":52,"column":6},"end":{"line":52,"column":19}},"14":{"start":{"line":56,"column":34},"end":{"line":70,"column":1}},"15":{"start":{"line":57,"column":2},"end":{"line":69,"column":3}},"16":{"start":{"line":59,"column":6},"end":{"line":59,"column":31}},"17":{"start":{"line":62,"column":6},"end":{"line":62,"column":58}},"18":{"start":{"line":65,"column":6},"end":{"line":65,"column":55}},"19":{"start":{"line":68,"column":6},"end":{"line":68,"column":19}},"20":{"start":{"line":72,"column":34},"end":{"line":89,"column":1}},"21":{"start":{"line":73,"column":2},"end":{"line":88,"column":3}},"22":{"start":{"line":75,"column":6},"end":{"line":75,"column":41}},"23":{"start":{"line":78,"column":6},"end":{"line":78,"column":54}},"24":{"start":{"line":81,"column":6},"end":{"line":81,"column":55}},"25":{"start":{"line":84,"column":6},"end":{"line":84,"column":26}},"26":{"start":{"line":87,"column":6},"end":{"line":87,"column":19}}},"fnMap":{"0":{"name":"(anonymous_0)","decl":{"start":{"line":18,"column":32},"end":{"line":18,"column":33}},"loc":{"start":{"line":18,"column":56},"end":{"line":35,"column":1}},"line":18},"1":{"name":"(anonymous_1)","decl":{"start":{"line":37,"column":35},"end":{"line":37,"column":36}},"loc":{"start":{"line":37,"column":59},"end":{"line":54,"column":1}},"line":37},"2":{"name":"(anonymous_2)","decl":{"start":{"line":56,"column":34},"end":{"line":56,"column":35}},"loc":{"start":{"line":56,"column":58},"end":{"line":70,"column":1}},"line":56},"3":{"name":"(anonymous_3)","decl":{"start":{"line":72,"column":34},"end":{"line":72,"column":35}},"loc":{"start":{"line":72,"column":68},"end":{"line":89,"column":1}},"line":72}},"branchMap":{"0":{"loc":{"start":{"line":18,"column":33},"end":{"line":18,"column":43}},"type":"default-arg","locations":[{"start":{"line":18,"column":41},"end":{"line":18,"column":43}}],"line":18},"1":{"loc":{"start":{"line":19,"column":2},"end":{"line":34,"column":3}},"type":"switch","locations":[{"start":{"line":20,"column":4},"end":{"line":21,"column":31}},{"start":{"line":23,"column":4},"end":{"line":24,"column":58}},{"start":{"line":26,"column":4},"end":{"line":27,"column":55}},{"start":{"line":29,"column":4},"end":{"line":30,"column":16}},{"start":{"line":32,"column":4},"end":{"line":33,"column":19}}],"line":19},"2":{"loc":{"start":{"line":37,"column":36},"end":{"line":37,"column":46}},"type":"default-arg","locations":[{"start":{"line":37,"column":44},"end":{"line":37,"column":46}}],"line":37},"3":{"loc":{"start":{"line":38,"column":2},"end":{"line":53,"column":3}},"type":"switch","locations":[{"start":{"line":39,"column":4},"end":{"line":40,"column":31}},{"start":{"line":42,"column":4},"end":{"line":43,"column":58}},{"start":{"line":45,"column":4},"end":{"line":46,"column":55}},{"start":{"line":48,"column":4},"end":{"line":49,"column":16}},{"start":{"line":51,"column":4},"end":{"line":52,"column":19}}],"line":38},"4":{"loc":{"start":{"line":56,"column":35},"end":{"line":56,"column":45}},"type":"default-arg","locations":[{"start":{"line":56,"column":43},"end":{"line":56,"column":45}}],"line":56},"5":{"loc":{"start":{"line":57,"column":2},"end":{"line":69,"column":3}},"type":"switch","locations":[{"start":{"line":58,"column":4},"end":{"line":59,"column":31}},{"start":{"line":61,"column":4},"end":{"line":62,"column":58}},{"start":{"line":64,"column":4},"end":{"line":65,"column":55}},{"start":{"line":67,"column":4},"end":{"line":68,"column":19}}],"line":57},"6":{"loc":{"start":{"line":72,"column":35},"end":{"line":72,"column":55}},"type":"default-arg","locations":[{"start":{"line":72,"column":43},"end":{"line":72,"column":55}}],"line":72},"7":{"loc":{"start":{"line":73,"column":2},"end":{"line":88,"column":3}},"type":"switch","locations":[{"start":{"line":74,"column":4},"end":{"line":75,"column":41}},{"start":{"line":77,"column":4},"end":{"line":78,"column":54}},{"start":{"line":80,"column":4},"end":{"line":81,"column":55}},{"start":{"line":83,"column":4},"end":{"line":84,"column":26}},{"start":{"line":86,"column":4},"end":{"line":87,"column":19}}],"line":73}},"s":{"0":0,"1":0,"2":0,"3":0,"4":0,"5":0,"6":0,"7":0,"8":0,"9":0,"10":0,"11":0,"12":0,"13":0,"14":0,"15":0,"16":0,"17":0,"18":0,"19":0,"20":0,"21":0,"22":0,"23":0,"24":0,"25":0,"26":0},"f":{"0":0,"1":0,"2":0,"3":0},"b":{"0":[0],"1":[0,0,0,0,0],"2":[0],"3":[0,0,0,0,0],"4":[0],"5":[0,0,0,0],"6":[0],"7":[0,0,0,0,0]}}
}
