TN:
SF:client\src\store.jsx
FNF:0
FNH:0
DA:43,0
DA:75,0
DA:79,0
DA:83,0
DA:85,0
LF:5
LH:0
BRDA:75,0,0,0
BRDA:75,0,1,0
BRF:2
BRH:0
end_of_record
TN:
SF:client\src\actions\assigmentActions.jsx
FN:11,(anonymous_0)
FN:11,(anonymous_1)
FNF:2
FNH:0
FNDA:0,(anonymous_0)
FNDA:0,(anonymous_1)
DA:11,0
DA:12,0
DA:13,0
DA:15,0
DA:19,0
DA:24,0
LF:6
LH:0
BRF:0
BRH:0
end_of_record
TN:
SF:client\src\actions\attendanceActions.jsx
FN:13,(anonymous_0)
FN:13,(anonymous_1)
FNF:2
FNH:0
FNDA:0,(anonymous_0)
FNDA:0,(anonymous_1)
DA:13,0
DA:14,0
DA:15,0
DA:19,0
DA:25,0
DA:34,0
DA:39,0
LF:7
LH:0
BRF:0
BRH:0
end_of_record
TN:
SF:client\src\actions\classActions.jsx
FN:32,(anonymous_0)
FN:32,(anonymous_1)
FN:54,(anonymous_2)
FN:55,(anonymous_3)
FN:90,(anonymous_4)
FN:90,(anonymous_5)
FN:111,(anonymous_6)
FN:111,(anonymous_7)
FN:132,(anonymous_8)
FN:132,(anonymous_9)
FN:153,(anonymous_10)
FN:153,(anonymous_11)
FN:186,(anonymous_12)
FN:186,(anonymous_13)
FN:207,(anonymous_14)
FN:207,(anonymous_15)
FNF:16
FNH:0
FNDA:0,(anonymous_0)
FNDA:0,(anonymous_1)
FNDA:0,(anonymous_2)
FNDA:0,(anonymous_3)
FNDA:0,(anonymous_4)
FNDA:0,(anonymous_5)
FNDA:0,(anonymous_6)
FNDA:0,(anonymous_7)
FNDA:0,(anonymous_8)
FNDA:0,(anonymous_9)
FNDA:0,(anonymous_10)
FNDA:0,(anonymous_11)
FNDA:0,(anonymous_12)
FNDA:0,(anonymous_13)
FNDA:0,(anonymous_14)
FNDA:0,(anonymous_15)
DA:32,0
DA:33,0
DA:34,0
DA:36,0
DA:40,0
DA:45,0
DA:54,0
DA:55,0
DA:56,0
DA:57,0
DA:61,0
DA:67,0
DA:77,0
DA:82,0
DA:90,0
DA:91,0
DA:92,0
DA:94,0
DA:98,0
DA:103,0
DA:111,0
DA:112,0
DA:113,0
DA:115,0
DA:119,0
DA:124,0
DA:132,0
DA:133,0
DA:134,0
DA:136,0
DA:140,0
DA:145,0
DA:153,0
DA:154,0
DA:155,0
DA:159,0
DA:165,0
DA:173,0
DA:178,0
DA:186,0
DA:187,0
DA:188,0
DA:190,0
DA:194,0
DA:199,0
DA:207,0
DA:208,0
DA:209,0
DA:211,0
DA:215,0
DA:220,0
LF:51
LH:0
BRF:0
BRH:0
end_of_record
TN:
SF:client\src\actions\docenteActions.jsx
FN:21,(anonymous_0)
FN:21,(anonymous_1)
FN:53,(anonymous_2)
FN:53,(anonymous_3)
FN:61,(anonymous_4)
FN:62,(anonymous_5)
FN:99,(anonymous_6)
FN:99,(anonymous_7)
FN:134,(anonymous_8)
FN:134,(anonymous_9)
FNF:10
FNH:0
FNDA:0,(anonymous_0)
FNDA:0,(anonymous_1)
FNDA:0,(anonymous_2)
FNDA:0,(anonymous_3)
FNDA:0,(anonymous_4)
FNDA:0,(anonymous_5)
FNDA:0,(anonymous_6)
FNDA:0,(anonymous_7)
FNDA:0,(anonymous_8)
FNDA:0,(anonymous_9)
DA:21,0
DA:22,0
DA:23,0
DA:27,0
DA:33,0
DA:39,0
DA:44,0
DA:46,0
DA:53,0
DA:54,0
DA:55,0
DA:56,0
DA:57,0
DA:61,0
DA:62,0
DA:63,0
DA:64,0
DA:68,0
DA:74,0
DA:80,0
DA:85,0
DA:90,0
DA:92,0
DA:99,0
DA:100,0
DA:101,0
DA:105,0
DA:111,0
DA:117,0
DA:122,0
DA:127,0
DA:134,0
DA:135,0
DA:136,0
DA:142,0
DA:144,0
DA:151,0
DA:156,0
DA:161,0
LF:39
LH:0
BRDA:164,0,0,0
BRDA:164,0,1,0
BRDA:164,1,0,0
BRDA:164,1,1,0
BRF:4
BRH:0
end_of_record
TN:
SF:client\src\actions\estudianteActions.jsx
FN:22,(anonymous_0)
FN:22,(anonymous_1)
FN:54,(anonymous_2)
FN:54,(anonymous_3)
FN:62,(anonymous_4)
FN:63,(anonymous_5)
FN:100,(anonymous_6)
FN:100,(anonymous_7)
FN:135,(anonymous_8)
FN:135,(anonymous_9)
FNF:10
FNH:0
FNDA:0,(anonymous_0)
FNDA:0,(anonymous_1)
FNDA:0,(anonymous_2)
FNDA:0,(anonymous_3)
FNDA:0,(anonymous_4)
FNDA:0,(anonymous_5)
FNDA:0,(anonymous_6)
FNDA:0,(anonymous_7)
FNDA:0,(anonymous_8)
FNDA:0,(anonymous_9)
DA:22,0
DA:23,0
DA:24,0
DA:28,0
DA:34,0
DA:40,0
DA:45,0
DA:47,0
DA:54,0
DA:55,0
DA:56,0
DA:57,0
DA:58,0
DA:62,0
DA:63,0
DA:64,0
DA:65,0
DA:69,0
DA:75,0
DA:81,0
DA:86,0
DA:91,0
DA:93,0
DA:100,0
DA:101,0
DA:102,0
DA:106,0
DA:112,0
DA:118,0
DA:123,0
DA:128,0
DA:135,0
DA:136,0
DA:137,0
DA:143,0
DA:145,0
DA:152,0
DA:157,0
DA:162,0
LF:39
LH:0
BRDA:165,0,0,0
BRDA:165,0,1,0
BRDA:165,1,0,0
BRDA:165,1,1,0
BRF:4
BRH:0
end_of_record
TN:
SF:client\src\actions\qrActions.jsx
FN:12,(anonymous_0)
FN:12,(anonymous_1)
FNF:2
FNH:0
FNDA:0,(anonymous_0)
FNDA:0,(anonymous_1)
DA:12,0
DA:13,0
DA:14,0
DA:18,0
DA:24,0
DA:32,0
DA:37,0
LF:7
LH:0
BRF:0
BRH:0
end_of_record
TN:
SF:client\src\actions\reportActions.jsx
FN:13,(anonymous_0)
FN:13,(anonymous_1)
FNF:2
FNH:0
FNDA:0,(anonymous_0)
FNDA:0,(anonymous_1)
DA:13,0
DA:14,0
DA:15,0
DA:19,0
DA:25,0
DA:35,0
DA:40,0
LF:7
LH:0
BRF:0
BRH:0
end_of_record
TN:
SF:client\src\actions\userActions.jsx
FN:38,(anonymous_0)
FN:38,(anonymous_1)
FN:70,(anonymous_2)
FN:70,(anonymous_3)
FN:78,(anonymous_4)
FN:79,(anonymous_5)
FN:116,(anonymous_6)
FN:116,(anonymous_7)
FN:151,(anonymous_8)
FN:151,(anonymous_9)
FNF:10
FNH:0
FNDA:0,(anonymous_0)
FNDA:0,(anonymous_1)
FNDA:0,(anonymous_2)
FNDA:0,(anonymous_3)
FNDA:0,(anonymous_4)
FNDA:0,(anonymous_5)
FNDA:0,(anonymous_6)
FNDA:0,(anonymous_7)
FNDA:0,(anonymous_8)
FNDA:0,(anonymous_9)
DA:38,0
DA:39,0
DA:40,0
DA:44,0
DA:50,0
DA:56,0
DA:61,0
DA:63,0
DA:70,0
DA:71,0
DA:72,0
DA:73,0
DA:74,0
DA:78,0
DA:79,0
DA:80,0
DA:81,0
DA:85,0
DA:91,0
DA:97,0
DA:102,0
DA:107,0
DA:109,0
DA:116,0
DA:117,0
DA:118,0
DA:122,0
DA:128,0
DA:134,0
DA:139,0
DA:144,0
DA:151,0
DA:152,0
DA:153,0
DA:159,0
DA:161,0
DA:168,0
DA:173,0
DA:178,0
LF:39
LH:0
BRDA:181,0,0,0
BRDA:181,0,1,0
BRDA:181,1,0,0
BRDA:181,1,1,0
BRF:4
BRH:0
end_of_record
TN:
SF:client\src\constants\assigmentConstants.jsx
FNF:0
FNH:0
DA:1,0
DA:2,0
DA:3,0
LF:3
LH:0
BRF:0
BRH:0
end_of_record
TN:
SF:client\src\constants\attendanceConstants.jsx
FNF:0
FNH:0
DA:1,0
DA:2,0
DA:3,0
DA:4,0
LF:4
LH:0
BRF:0
BRH:0
end_of_record
TN:
SF:client\src\constants\classConstants.jsx
FNF:0
FNH:0
DA:1,0
DA:2,0
DA:3,0
DA:5,0
DA:6,0
DA:7,0
DA:9,0
DA:10,0
DA:11,0
DA:12,0
DA:14,0
DA:15,0
DA:16,0
DA:18,0
DA:19,0
DA:20,0
DA:22,0
DA:23,0
DA:24,0
DA:26,0
DA:27,0
DA:28,0
DA:29,0
DA:31,0
DA:32,0
DA:33,0
DA:35,0
DA:36,0
DA:37,0
LF:29
LH:0
BRF:0
BRH:0
end_of_record
TN:
SF:client\src\constants\docenteConstants.jsx
FNF:0
FNH:0
DA:1,0
DA:2,0
DA:3,0
DA:5,0
DA:7,0
DA:8,0
DA:9,0
DA:11,0
DA:12,0
DA:13,0
DA:14,0
DA:16,0
DA:17,0
DA:18,0
DA:19,0
DA:21,0
DA:22,0
DA:23,0
DA:24,0
DA:26,0
DA:27,0
DA:28,0
DA:30,0
DA:31,0
DA:32,0
DA:33,0
DA:35,0
DA:36,0
DA:37,0
LF:29
LH:0
BRF:0
BRH:0
end_of_record
TN:
SF:client\src\constants\estudianteConstants.jsx
FNF:0
FNH:0
DA:1,0
DA:2,0
DA:3,0
DA:5,0
DA:7,0
DA:8,0
DA:9,0
DA:11,0
DA:12,0
DA:13,0
DA:14,0
DA:17,0
DA:19,0
DA:20,0
DA:22,0
DA:24,0
DA:25,0
DA:26,0
DA:27,0
DA:29,0
DA:30,0
DA:31,0
DA:33,0
DA:34,0
DA:35,0
DA:36,0
DA:38,0
DA:39,0
DA:40,0
LF:29
LH:0
BRF:0
BRH:0
end_of_record
TN:
SF:client\src\constants\qrConstants.jsx
FNF:0
FNH:0
DA:1,0
DA:2,0
DA:3,0
DA:4,0
LF:4
LH:0
BRF:0
BRH:0
end_of_record
TN:
SF:client\src\constants\reportConstants.jsx
FNF:0
FNH:0
DA:1,0
DA:2,0
DA:3,0
DA:4,0
LF:4
LH:0
BRF:0
BRH:0
end_of_record
TN:
SF:client\src\constants\userConstants.jsx
FNF:0
FNH:0
DA:1,0
DA:2,0
DA:3,0
DA:5,0
DA:7,0
DA:8,0
DA:9,0
DA:11,0
DA:12,0
DA:13,0
DA:14,0
DA:16,0
DA:17,0
DA:18,0
DA:19,0
DA:21,0
DA:22,0
DA:23,0
DA:24,0
DA:26,0
DA:27,0
DA:28,0
DA:30,0
DA:31,0
DA:32,0
DA:33,0
DA:35,0
DA:36,0
DA:37,0
LF:29
LH:0
BRF:0
BRH:0
end_of_record
TN:
SF:client\src\reducers\assigmentReducers.jsx
FN:9,(anonymous_0)
FNF:1
FNH:0
FNDA:0,(anonymous_0)
DA:9,0
DA:10,0
DA:12,0
DA:15,0
DA:18,0
DA:21,0
LF:6
LH:0
BRDA:9,0,0,0
BRDA:10,1,0,0
BRDA:10,1,1,0
BRDA:10,1,2,0
BRDA:10,1,3,0
BRF:5
BRH:0
end_of_record
TN:
SF:client\src\reducers\attendanceReducers.jsx
FN:10,(anonymous_0)
FNF:1
FNH:0
FNDA:0,(anonymous_0)
DA:10,0
DA:11,0
DA:13,0
DA:16,0
DA:19,0
DA:22,0
DA:25,0
LF:7
LH:0
BRDA:10,0,0,0
BRDA:11,1,0,0
BRDA:11,1,1,0
BRDA:11,1,2,0
BRDA:11,1,3,0
BRDA:11,1,4,0
BRF:6
BRH:0
end_of_record
TN:
SF:client\src\reducers\classReducers.jsx
FN:30,(anonymous_0)
FN:47,(anonymous_1)
FN:67,(anonymous_2)
FN:84,(anonymous_3)
FN:101,(anonymous_4)
FN:118,(anonymous_5)
FN:135,(anonymous_6)
FN:152,(anonymous_7)
FNF:8
FNH:0
FNDA:0,(anonymous_0)
FNDA:0,(anonymous_1)
FNDA:0,(anonymous_2)
FNDA:0,(anonymous_3)
FNDA:0,(anonymous_4)
FNDA:0,(anonymous_5)
FNDA:0,(anonymous_6)
FNDA:0,(anonymous_7)
DA:30,0
DA:31,0
DA:33,0
DA:36,0
DA:39,0
DA:42,0
DA:47,0
DA:48,0
DA:50,0
DA:53,0
DA:56,0
DA:59,0
DA:62,0
DA:67,0
DA:68,0
DA:70,0
DA:73,0
DA:76,0
DA:79,0
DA:84,0
DA:85,0
DA:87,0
DA:90,0
DA:93,0
DA:96,0
DA:101,0
DA:102,0
DA:104,0
DA:107,0
DA:110,0
DA:113,0
DA:118,0
DA:119,0
DA:121,0
DA:124,0
DA:127,0
DA:130,0
DA:135,0
DA:136,0
DA:138,0
DA:141,0
DA:144,0
DA:147,0
DA:152,0
DA:153,0
DA:155,0
DA:158,0
DA:161,0
DA:164,0
LF:49
LH:0
BRDA:30,0,0,0
BRDA:31,1,0,0
BRDA:31,1,1,0
BRDA:31,1,2,0
BRDA:31,1,3,0
BRDA:47,2,0,0
BRDA:48,3,0,0
BRDA:48,3,1,0
BRDA:48,3,2,0
BRDA:48,3,3,0
BRDA:48,3,4,0
BRDA:67,4,0,0
BRDA:68,5,0,0
BRDA:68,5,1,0
BRDA:68,5,2,0
BRDA:68,5,3,0
BRDA:84,6,0,0
BRDA:85,7,0,0
BRDA:85,7,1,0
BRDA:85,7,2,0
BRDA:85,7,3,0
BRDA:101,8,0,0
BRDA:102,9,0,0
BRDA:102,9,1,0
BRDA:102,9,2,0
BRDA:102,9,3,0
BRDA:118,10,0,0
BRDA:119,11,0,0
BRDA:119,11,1,0
BRDA:119,11,2,0
BRDA:119,11,3,0
BRDA:135,12,0,0
BRDA:136,13,0,0
BRDA:136,13,1,0
BRDA:136,13,2,0
BRDA:136,13,3,0
BRDA:152,14,0,0
BRDA:153,15,0,0
BRDA:153,15,1,0
BRDA:153,15,2,0
BRDA:153,15,3,0
BRF:41
BRH:0
end_of_record
TN:
SF:client\src\reducers\docenteReducers.jsx
FN:18,(anonymous_0)
FN:37,(anonymous_1)
FN:56,(anonymous_2)
FN:72,(anonymous_3)
FNF:4
FNH:0
FNDA:0,(anonymous_0)
FNDA:0,(anonymous_1)
FNDA:0,(anonymous_2)
FNDA:0,(anonymous_3)
DA:18,0
DA:19,0
DA:21,0
DA:24,0
DA:27,0
DA:30,0
DA:33,0
DA:37,0
DA:38,0
DA:40,0
DA:43,0
DA:46,0
DA:49,0
DA:52,0
DA:56,0
DA:57,0
DA:59,0
DA:62,0
DA:65,0
DA:68,0
DA:72,0
DA:73,0
DA:75,0
DA:78,0
DA:81,0
DA:84,0
DA:87,0
LF:27
LH:0
BRDA:18,0,0,0
BRDA:19,1,0,0
BRDA:19,1,1,0
BRDA:19,1,2,0
BRDA:19,1,3,0
BRDA:19,1,4,0
BRDA:37,2,0,0
BRDA:38,3,0,0
BRDA:38,3,1,0
BRDA:38,3,2,0
BRDA:38,3,3,0
BRDA:38,3,4,0
BRDA:56,4,0,0
BRDA:57,5,0,0
BRDA:57,5,1,0
BRDA:57,5,2,0
BRDA:57,5,3,0
BRDA:72,6,0,0
BRDA:73,7,0,0
BRDA:73,7,1,0
BRDA:73,7,2,0
BRDA:73,7,3,0
BRDA:73,7,4,0
BRF:23
BRH:0
end_of_record
TN:
SF:client\src\reducers\estudianteReducers.jsx
FN:18,(anonymous_0)
FN:37,(anonymous_1)
FN:56,(anonymous_2)
FN:72,(anonymous_3)
FNF:4
FNH:0
FNDA:0,(anonymous_0)
FNDA:0,(anonymous_1)
FNDA:0,(anonymous_2)
FNDA:0,(anonymous_3)
DA:18,0
DA:19,0
DA:21,0
DA:24,0
DA:27,0
DA:30,0
DA:33,0
DA:37,0
DA:38,0
DA:40,0
DA:43,0
DA:46,0
DA:49,0
DA:52,0
DA:56,0
DA:57,0
DA:59,0
DA:62,0
DA:65,0
DA:68,0
DA:72,0
DA:73,0
DA:75,0
DA:78,0
DA:81,0
DA:84,0
DA:87,0
LF:27
LH:0
BRDA:18,0,0,0
BRDA:19,1,0,0
BRDA:19,1,1,0
BRDA:19,1,2,0
BRDA:19,1,3,0
BRDA:19,1,4,0
BRDA:37,2,0,0
BRDA:38,3,0,0
BRDA:38,3,1,0
BRDA:38,3,2,0
BRDA:38,3,3,0
BRDA:38,3,4,0
BRDA:56,4,0,0
BRDA:57,5,0,0
BRDA:57,5,1,0
BRDA:57,5,2,0
BRDA:57,5,3,0
BRDA:72,6,0,0
BRDA:73,7,0,0
BRDA:73,7,1,0
BRDA:73,7,2,0
BRDA:73,7,3,0
BRDA:73,7,4,0
BRF:23
BRH:0
end_of_record
TN:
SF:client\src\reducers\qrReducers.jsx
FN:10,(anonymous_0)
FNF:1
FNH:0
FNDA:0,(anonymous_0)
DA:10,0
DA:11,0
DA:13,0
DA:16,0
DA:19,0
DA:22,0
DA:25,0
LF:7
LH:0
BRDA:10,0,0,0
BRDA:11,1,0,0
BRDA:11,1,1,0
BRDA:11,1,2,0
BRDA:11,1,3,0
BRDA:11,1,4,0
BRF:6
BRH:0
end_of_record
TN:
SF:client\src\reducers\reportReducers.jsx
FN:10,(anonymous_0)
FNF:1
FNH:0
FNDA:0,(anonymous_0)
DA:10,0
DA:11,0
DA:13,0
DA:16,0
DA:19,0
DA:22,0
DA:25,0
LF:7
LH:0
BRDA:10,0,0,0
BRDA:11,1,0,0
BRDA:11,1,1,0
BRDA:11,1,2,0
BRDA:11,1,3,0
BRDA:11,1,4,0
BRF:6
BRH:0
end_of_record
TN:
SF:client\src\reducers\userReducers.jsx
FN:18,(anonymous_0)
FN:37,(anonymous_1)
FN:56,(anonymous_2)
FN:72,(anonymous_3)
FNF:4
FNH:0
FNDA:0,(anonymous_0)
FNDA:0,(anonymous_1)
FNDA:0,(anonymous_2)
FNDA:0,(anonymous_3)
DA:18,0
DA:19,0
DA:21,0
DA:24,0
DA:27,0
DA:30,0
DA:33,0
DA:37,0
DA:38,0
DA:40,0
DA:43,0
DA:46,0
DA:49,0
DA:52,0
DA:56,0
DA:57,0
DA:59,0
DA:62,0
DA:65,0
DA:68,0
DA:72,0
DA:73,0
DA:75,0
DA:78,0
DA:81,0
DA:84,0
DA:87,0
LF:27
LH:0
BRDA:18,0,0,0
BRDA:19,1,0,0
BRDA:19,1,1,0
BRDA:19,1,2,0
BRDA:19,1,3,0
BRDA:19,1,4,0
BRDA:37,2,0,0
BRDA:38,3,0,0
BRDA:38,3,1,0
BRDA:38,3,2,0
BRDA:38,3,3,0
BRDA:38,3,4,0
BRDA:56,4,0,0
BRDA:57,5,0,0
BRDA:57,5,1,0
BRDA:57,5,2,0
BRDA:57,5,3,0
BRDA:72,6,0,0
BRDA:73,7,0,0
BRDA:73,7,1,0
BRDA:73,7,2,0
BRDA:73,7,3,0
BRDA:73,7,4,0
BRF:23
BRH:0
end_of_record
